<?xml version="1.0" encoding="UTF-8"?>
<testsuites name="GRiD Login" time="339.298" tests="1" failures="1" errors="0">
   <testsuite name="GRiD Login" tests="1" failures="1" errors="0" time="339.298" timestamp="2020-09-10 14:55:39" hostname="bhavikpatel - c02yj0qyjgh7.fios-router.home" id="Test Suites/GRiD Login">
      <properties>
         <property name="deviceName" value=""/>
         <property name="devicePlatform" value=""/>
         <property name="logFolder" value="/Users/bhavikpatel/Downloads/Projects/CRREL/GRiD/Automation Testing/Automation Testing Project/KatalonTesting/Reports/20200910_145535/GRiD Login/20200910_145535"/>
         <property name="logFiles" value="/Users/bhavikpatel/Downloads/Projects/CRREL/GRiD/Automation Testing/Automation Testing Project/KatalonTesting/Reports/20200910_145535/GRiD Login/20200910_145535/execution0.log"/>
         <property name="attachments" value="/Users/bhavikpatel/Downloads/Projects/CRREL/GRiD/Automation Testing/Automation Testing Project/KatalonTesting/Reports/20200910_145535/GRiD Login/20200910_145535/1599764477254.png"/>
         <property name="hostName" value="bhavikpatel - c02yj0qyjgh7.fios-router.home"/>
         <property name="os" value="Mac OS X 64bit"/>
         <property name="katalonVersion" value="7.6.2.205"/>
         <property name="browser" value="Chrome 85.0.4183.102"/>
         <property name="hostAddress" value="192.168.1.92"/>
         <property name="sessionId" value="ca3a5336397a91bbcde9b123751bbb07"/>
         <property name="seleniumVersion" value="3.141.59"/>
         <property name="proxyInformation" value="ProxyInformation { proxyOption=NO_PROXY, proxyServerType=HTTP, username=, password=********, proxyServerAddress=, proxyServerPort=0, executionList=\&quot;\&quot;, isApplyToDesiredCapabilities=true }"/>
         <property name="platform" value="Mac OS X"/>
      </properties>
      <testcase name="Test Cases/FG3D Test" time="338.177" classname="Test Cases/FG3D Test" status="FAILED">
         <failure type="FAILED" message="Test Cases/FG3D Test FAILED.
Reason:
com.kms.katalon.core.exception.StepFailedException: Unable to click on object 'Object Repository/Page_FG3D  GRiD/a_View on map'
	at com.kms.katalon.core.webui.keyword.internal.WebUIKeywordMain.stepFailed(WebUIKeywordMain.groovy:64)
	at com.kms.katalon.core.webui.keyword.internal.WebUIKeywordMain.runKeyword(WebUIKeywordMain.groovy:26)
	at com.kms.katalon.core.webui.keyword.builtin.ClickKeyword.click(ClickKeyword.groovy:76)
	at com.kms.katalon.core.webui.keyword.builtin.ClickKeyword.execute(ClickKeyword.groovy:43)
	at com.kms.katalon.core.keyword.internal.KeywordExecutor.executeKeywordForPlatform(KeywordExecutor.groovy:73)
	at com.kms.katalon.core.webui.keyword.WebUiBuiltInKeywords.click(WebUiBuiltInKeywords.groovy:616)
	at com.kms.katalon.core.webui.keyword.WebUiBuiltInKeywords$click$1.call(Unknown Source)
	at FG3D Test.run(FG3D Test:37)
	at com.kms.katalon.core.main.ScriptEngine.run(ScriptEngine.java:194)
	at com.kms.katalon.core.main.ScriptEngine.runScriptAsRawText(ScriptEngine.java:119)
	at com.kms.katalon.core.main.TestCaseExecutor.runScript(TestCaseExecutor.java:339)
	at com.kms.katalon.core.main.TestCaseExecutor.doExecute(TestCaseExecutor.java:330)
	at com.kms.katalon.core.main.TestCaseExecutor.processExecutionPhase(TestCaseExecutor.java:309)
	at com.kms.katalon.core.main.TestCaseExecutor.accessMainPhase(TestCaseExecutor.java:301)
	at com.kms.katalon.core.main.TestCaseExecutor.execute(TestCaseExecutor.java:235)
	at com.kms.katalon.core.main.TestSuiteExecutor.accessTestCaseMainPhase(TestSuiteExecutor.java:191)
	at com.kms.katalon.core.main.TestSuiteExecutor.accessTestSuiteMainPhase(TestSuiteExecutor.java:141)
	at com.kms.katalon.core.main.TestSuiteExecutor.execute(TestSuiteExecutor.java:90)
	at com.kms.katalon.core.main.TestCaseMain.startTestSuite(TestCaseMain.java:157)
	at com.kms.katalon.core.main.TestCaseMain$startTestSuite$0.call(Unknown Source)
	at TempTestSuite1599764135828.run(TempTestSuite1599764135828.groovy:39)
Caused by: org.openqa.selenium.ElementNotInteractableException: element not interactable
  (Session info: chrome=85.0.4183.102)
Build info: version: '3.141.59', revision: 'e82be7d358', time: '2018-11-14T08:25:53'
System info: host: 'C02YJ0QYJGH7.fios-router.home', ip: 'fe80:0:0:0:8e5:6086:d883:e3f8%en0', os.name: 'Mac OS X', os.arch: 'x86_64', os.version: '10.15.6', java.version: '1.8.0_181'
Driver info: com.kms.katalon.selenium.driver.CChromeDriver
Capabilities {acceptInsecureCerts: false, browserName: chrome, browserVersion: 85.0.4183.102, chrome: {chromedriverVersion: 85.0.4183.87 (cd6713ebf92fa..., userDataDir: /var/folders/mk/mm0g76rn3_g...}, goog:chromeOptions: {debuggerAddress: localhost:59834}, javascriptEnabled: true, networkConnectionEnabled: false, pageLoadStrategy: normal, platform: MAC, platformName: MAC, proxy: Proxy(), setWindowRect: true, strictFileInteractability: false, timeouts: {implicit: 0, pageLoad: 300000, script: 30000}, unhandledPromptBehavior: dismiss and notify, webauthn:virtualAuthenticators: true}
Session ID: ca3a5336397a91bbcde9b123751bbb07
	at org.openqa.selenium.remote.http.W3CHttpResponseCodec.createException(W3CHttpResponseCodec.java:187)
	at org.openqa.selenium.remote.http.W3CHttpResponseCodec.decode(W3CHttpResponseCodec.java:122)
	at org.openqa.selenium.remote.http.W3CHttpResponseCodec.decode(W3CHttpResponseCodec.java:49)
	at org.openqa.selenium.remote.HttpCommandExecutor.execute(HttpCommandExecutor.java:158)
	at org.openqa.selenium.remote.service.DriverCommandExecutor.execute(DriverCommandExecutor.java:83)
	at org.openqa.selenium.remote.RemoteWebDriver.execute(RemoteWebDriver.java:552)
	at com.kms.katalon.selenium.driver.CChromeDriver.execute(CChromeDriver.java:19)
	at org.openqa.selenium.remote.RemoteWebElement.execute(RemoteWebElement.java:285)
	at org.openqa.selenium.remote.RemoteWebElement.click(RemoteWebElement.java:84)
	at org.openqa.selenium.support.events.EventFiringWebDriver$EventFiringWebElement.lambda$new$0(EventFiringWebDriver.java:404)
	at com.sun.proxy.$Proxy9.click(Unknown Source)
	at org.openqa.selenium.support.events.EventFiringWebDriver$EventFiringWebElement.click(EventFiringWebDriver.java:417)
	at com.kms.katalon.core.webui.keyword.builtin.ClickKeyword$_click_closure1.doCall(ClickKeyword.groovy:69)
	at com.kms.katalon.core.webui.keyword.builtin.ClickKeyword$_click_closure1.call(ClickKeyword.groovy)
	at com.kms.katalon.core.webui.keyword.internal.WebUIKeywordMain.runKeyword(WebUIKeywordMain.groovy:20)
	... 19 more
"/>
         <system-out><![CDATA[2020-09-10 14:55:39 - [TEST_CASE][FAILED] - Test Cases/FG3D Test: Test Cases/FG3D Test FAILED.
Reason:
com.kms.katalon.core.exception.StepFailedException: Unable to click on object 'Object Repository/Page_FG3D  GRiD/a_View on map'
	at com.kms.katalon.core.webui.keyword.internal.WebUIKeywordMain.stepFailed(WebUIKeywordMain.groovy:64)
	at com.kms.katalon.core.webui.keyword.internal.WebUIKeywordMain.runKeyword(WebUIKeywordMain.groovy:26)
	at com.kms.katalon.core.webui.keyword.builtin.ClickKeyword.click(ClickKeyword.groovy:76)
	at com.kms.katalon.core.webui.keyword.builtin.ClickKeyword.execute(ClickKeyword.groovy:43)
	at com.kms.katalon.core.keyword.internal.KeywordExecutor.executeKeywordForPlatform(KeywordExecutor.groovy:73)
	at com.kms.katalon.core.webui.keyword.WebUiBuiltInKeywords.click(WebUiBuiltInKeywords.groovy:616)
	at com.kms.katalon.core.webui.keyword.WebUiBuiltInKeywords$click$1.call(Unknown Source)
	at FG3D Test.run(FG3D Test:37)
	at com.kms.katalon.core.main.ScriptEngine.run(ScriptEngine.java:194)
	at com.kms.katalon.core.main.ScriptEngine.runScriptAsRawText(ScriptEngine.java:119)
	at com.kms.katalon.core.main.TestCaseExecutor.runScript(TestCaseExecutor.java:339)
	at com.kms.katalon.core.main.TestCaseExecutor.doExecute(TestCaseExecutor.java:330)
	at com.kms.katalon.core.main.TestCaseExecutor.processExecutionPhase(TestCaseExecutor.java:309)
	at com.kms.katalon.core.main.TestCaseExecutor.accessMainPhase(TestCaseExecutor.java:301)
	at com.kms.katalon.core.main.TestCaseExecutor.execute(TestCaseExecutor.java:235)
	at com.kms.katalon.core.main.TestSuiteExecutor.accessTestCaseMainPhase(TestSuiteExecutor.java:191)
	at com.kms.katalon.core.main.TestSuiteExecutor.accessTestSuiteMainPhase(TestSuiteExecutor.java:141)
	at com.kms.katalon.core.main.TestSuiteExecutor.execute(TestSuiteExecutor.java:90)
	at com.kms.katalon.core.main.TestCaseMain.startTestSuite(TestCaseMain.java:157)
	at com.kms.katalon.core.main.TestCaseMain$startTestSuite$0.call(Unknown Source)
	at TempTestSuite1599764135828.run(TempTestSuite1599764135828.groovy:39)
Caused by: org.openqa.selenium.ElementNotInteractableException: element not interactable
  (Session info: chrome=85.0.4183.102)
Build info: version: '3.141.59', revision: 'e82be7d358', time: '2018-11-14T08:25:53'
System info: host: 'C02YJ0QYJGH7.fios-router.home', ip: 'fe80:0:0:0:8e5:6086:d883:e3f8%en0', os.name: 'Mac OS X', os.arch: 'x86_64', os.version: '10.15.6', java.version: '1.8.0_181'
Driver info: com.kms.katalon.selenium.driver.CChromeDriver
Capabilities {acceptInsecureCerts: false, browserName: chrome, browserVersion: 85.0.4183.102, chrome: {chromedriverVersion: 85.0.4183.87 (cd6713ebf92fa..., userDataDir: /var/folders/mk/mm0g76rn3_g...}, goog:chromeOptions: {debuggerAddress: localhost:59834}, javascriptEnabled: true, networkConnectionEnabled: false, pageLoadStrategy: normal, platform: MAC, platformName: MAC, proxy: Proxy(), setWindowRect: true, strictFileInteractability: false, timeouts: {implicit: 0, pageLoad: 300000, script: 30000}, unhandledPromptBehavior: dismiss and notify, webauthn:virtualAuthenticators: true}
Session ID: ca3a5336397a91bbcde9b123751bbb07
	at org.openqa.selenium.remote.http.W3CHttpResponseCodec.createException(W3CHttpResponseCodec.java:187)
	at org.openqa.selenium.remote.http.W3CHttpResponseCodec.decode(W3CHttpResponseCodec.java:122)
	at org.openqa.selenium.remote.http.W3CHttpResponseCodec.decode(W3CHttpResponseCodec.java:49)
	at org.openqa.selenium.remote.HttpCommandExecutor.execute(HttpCommandExecutor.java:158)
	at org.openqa.selenium.remote.service.DriverCommandExecutor.execute(DriverCommandExecutor.java:83)
	at org.openqa.selenium.remote.RemoteWebDriver.execute(RemoteWebDriver.java:552)
	at com.kms.katalon.selenium.driver.CChromeDriver.execute(CChromeDriver.java:19)
	at org.openqa.selenium.remote.RemoteWebElement.execute(RemoteWebElement.java:285)
	at org.openqa.selenium.remote.RemoteWebElement.click(RemoteWebElement.java:84)
	at org.openqa.selenium.support.events.EventFiringWebDriver$EventFiringWebElement.lambda$new$0(EventFiringWebDriver.java:404)
	at com.sun.proxy.$Proxy9.click(Unknown Source)
	at org.openqa.selenium.support.events.EventFiringWebDriver$EventFiringWebElement.click(EventFiringWebDriver.java:417)
	at com.kms.katalon.core.webui.keyword.builtin.ClickKeyword$_click_closure1.doCall(ClickKeyword.groovy:69)
	at com.kms.katalon.core.webui.keyword.builtin.ClickKeyword$_click_closure1.call(ClickKeyword.groovy)
	at com.kms.katalon.core.webui.keyword.internal.WebUIKeywordMain.runKeyword(WebUIKeywordMain.groovy:20)
	... 19 more


2020-09-10 14:55:40 - [TEST_STEP][PASSED] - openBrowser(""): Browser is opened with url: ''

2020-09-10 14:55:40 - [MESSAGE][INFO] - Starting 'Chrome' driver

2020-09-10 14:55:41 - [MESSAGE][INFO] - Action delay is set to 0 milliseconds

2020-09-10 14:55:43 - [MESSAGE][PASSED] - Browser is opened with url: ''

2020-09-10 14:55:43 - [TEST_STEP][PASSED] - navigateToUrl("https://grid.nga.mil/grid/"): Navigate to 'https://grid.nga.mil/grid/' successfully

2020-09-10 14:55:46 - [MESSAGE][PASSED] - Navigate to 'https://grid.nga.mil/grid/' successfully

2020-09-10 14:55:46 - [TEST_STEP][PASSED] - click(findTestObject("Page_Home  GRiD/a_GEOAxIS")): Object: 'Object Repository/Page_Home  GRiD/a_GEOAxIS' is clicked on

2020-09-10 14:55:53 - [MESSAGE][PASSED] - Object: 'Object Repository/Page_Home  GRiD/a_GEOAxIS' is clicked on

2020-09-10 14:55:53 - [TEST_STEP][PASSED] - click(findTestObject("Page_GEOAxIS/a_PKI Certificate")): Object: 'Object Repository/Page_GEOAxIS/a_PKI Certificate' is clicked on

2020-09-10 14:55:53 - [MESSAGE][PASSED] - Object: 'Object Repository/Page_GEOAxIS/a_PKI Certificate' is clicked on

2020-09-10 14:55:53 - [TEST_STEP][PASSED] - click(findTestObject("Page_GEOAxIS/span_Click here to continue")): Object: 'Object Repository/Page_GEOAxIS/span_Click here to continue' is clicked on

2020-09-10 14:56:06 - [MESSAGE][PASSED] - Object: 'Object Repository/Page_GEOAxIS/span_Click here to continue' is clicked on

2020-09-10 14:56:06 - [TEST_STEP][PASSED] - click(findTestObject("Object Repository/Page_Home  GRiD/a_Share")): Object: 'Object Repository/Page_Home  GRiD/a_Share' is clicked on

2020-09-10 14:56:07 - [MESSAGE][PASSED] - Object: 'Object Repository/Page_Home  GRiD/a_Share' is clicked on

2020-09-10 14:56:07 - [TEST_STEP][PASSED] - click(findTestObject("Object Repository/Page_Workgroups  GRiD/a_FG3D")): Object: 'Object Repository/Page_Workgroups  GRiD/a_FG3D' is clicked on

2020-09-10 14:56:13 - [MESSAGE][PASSED] - Object: 'Object Repository/Page_Workgroups  GRiD/a_FG3D' is clicked on

2020-09-10 14:56:13 - [TEST_STEP][FAILED] - for ([row = 1, row <= findTestData("FG3D Test Data").getRowNumbers(), (row++)]): Unable to click on object 'Object Repository/Page_FG3D  GRiD/a_View on map' (Root cause: com.kms.katalon.core.exception.StepFailedException: Unable to click on object 'Object Repository/Page_FG3D  GRiD/a_View on map'
	at com.kms.katalon.core.webui.keyword.internal.WebUIKeywordMain.stepFailed(WebUIKeywordMain.groovy:64)
	at com.kms.katalon.core.webui.keyword.internal.WebUIKeywordMain.runKeyword(WebUIKeywordMain.groovy:26)
	at com.kms.katalon.core.webui.keyword.builtin.ClickKeyword.click(ClickKeyword.groovy:76)
	at com.kms.katalon.core.webui.keyword.builtin.ClickKeyword.execute(ClickKeyword.groovy:43)
	at com.kms.katalon.core.keyword.internal.KeywordExecutor.executeKeywordForPlatform(KeywordExecutor.groovy:73)
	at com.kms.katalon.core.webui.keyword.WebUiBuiltInKeywords.click(WebUiBuiltInKeywords.groovy:616)
	at com.kms.katalon.core.webui.keyword.WebUiBuiltInKeywords$click$1.call(Unknown Source)
	at FG3D Test.run(FG3D Test:37)
	at com.kms.katalon.core.main.ScriptEngine.run(ScriptEngine.java:194)
	at com.kms.katalon.core.main.ScriptEngine.runScriptAsRawText(ScriptEngine.java:119)
	at com.kms.katalon.core.main.TestCaseExecutor.runScript(TestCaseExecutor.java:339)
	at com.kms.katalon.core.main.TestCaseExecutor.doExecute(TestCaseExecutor.java:330)
	at com.kms.katalon.core.main.TestCaseExecutor.processExecutionPhase(TestCaseExecutor.java:309)
	at com.kms.katalon.core.main.TestCaseExecutor.accessMainPhase(TestCaseExecutor.java:301)
	at com.kms.katalon.core.main.TestCaseExecutor.execute(TestCaseExecutor.java:235)
	at com.kms.katalon.core.main.TestSuiteExecutor.accessTestCaseMainPhase(TestSuiteExecutor.java:191)
	at com.kms.katalon.core.main.TestSuiteExecutor.accessTestSuiteMainPhase(TestSuiteExecutor.java:141)
	at com.kms.katalon.core.main.TestSuiteExecutor.execute(TestSuiteExecutor.java:90)
	at com.kms.katalon.core.main.TestCaseMain.startTestSuite(TestCaseMain.java:157)
	at com.kms.katalon.core.main.TestCaseMain$startTestSuite$0.call(Unknown Source)
	at TempTestSuite1599764135828.run(TempTestSuite1599764135828.groovy:39)
Caused by: org.openqa.selenium.ElementNotInteractableException: element not interactable
  (Session info: chrome=85.0.4183.102)
Build info: version: '3.141.59', revision: 'e82be7d358', time: '2018-11-14T08:25:53'
System info: host: 'C02YJ0QYJGH7.fios-router.home', ip: 'fe80:0:0:0:8e5:6086:d883:e3f8%en0', os.name: 'Mac OS X', os.arch: 'x86_64', os.version: '10.15.6', java.version: '1.8.0_181'
Driver info: com.kms.katalon.selenium.driver.CChromeDriver
Capabilities {acceptInsecureCerts: false, browserName: chrome, browserVersion: 85.0.4183.102, chrome: {chromedriverVersion: 85.0.4183.87 (cd6713ebf92fa..., userDataDir: /var/folders/mk/mm0g76rn3_g...}, goog:chromeOptions: {debuggerAddress: localhost:59834}, javascriptEnabled: true, networkConnectionEnabled: false, pageLoadStrategy: normal, platform: MAC, platformName: MAC, proxy: Proxy(), setWindowRect: true, strictFileInteractability: false, timeouts: {implicit: 0, pageLoad: 300000, script: 30000}, unhandledPromptBehavior: dismiss and notify, webauthn:virtualAuthenticators: true}
Session ID: ca3a5336397a91bbcde9b123751bbb07
	at org.openqa.selenium.remote.http.W3CHttpResponseCodec.createException(W3CHttpResponseCodec.java:187)
	at org.openqa.selenium.remote.http.W3CHttpResponseCodec.decode(W3CHttpResponseCodec.java:122)
	at org.openqa.selenium.remote.http.W3CHttpResponseCodec.decode(W3CHttpResponseCodec.java:49)
	at org.openqa.selenium.remote.HttpCommandExecutor.execute(HttpCommandExecutor.java:158)
	at org.openqa.selenium.remote.service.DriverCommandExecutor.execute(DriverCommandExecutor.java:83)
	at org.openqa.selenium.remote.RemoteWebDriver.execute(RemoteWebDriver.java:552)
	at com.kms.katalon.selenium.driver.CChromeDriver.execute(CChromeDriver.java:19)
	at org.openqa.selenium.remote.RemoteWebElement.execute(RemoteWebElement.java:285)
	at org.openqa.selenium.remote.RemoteWebElement.click(RemoteWebElement.java:84)
	at org.openqa.selenium.support.events.EventFiringWebDriver$EventFiringWebElement.lambda$new$0(EventFiringWebDriver.java:404)
	at com.sun.proxy.$Proxy9.click(Unknown Source)
	at org.openqa.selenium.support.events.EventFiringWebDriver$EventFiringWebElement.click(EventFiringWebDriver.java:417)
	at com.kms.katalon.core.webui.keyword.builtin.ClickKeyword$_click_closure1.doCall(ClickKeyword.groovy:69)
	at com.kms.katalon.core.webui.keyword.builtin.ClickKeyword$_click_closure1.call(ClickKeyword.groovy)
	at com.kms.katalon.core.webui.keyword.internal.WebUIKeywordMain.runKeyword(WebUIKeywordMain.groovy:20)
	at com.kms.katalon.core.webui.keyword.builtin.ClickKeyword.click(ClickKeyword.groovy:76)
	at com.kms.katalon.core.webui.keyword.builtin.ClickKeyword.execute(ClickKeyword.groovy:43)
	at com.kms.katalon.core.keyword.internal.KeywordExecutor.executeKeywordForPlatform(KeywordExecutor.groovy:73)
	at com.kms.katalon.core.webui.keyword.WebUiBuiltInKeywords.click(WebUiBuiltInKeywords.groovy:616)
	at com.kms.katalon.core.webui.keyword.WebUiBuiltInKeywords$click$1.call(Unknown Source)
	at Script1596659605283.run(Script1596659605283.groovy:37)
	... 13 more
)

2020-09-10 14:56:13 - [TEST_STEP][PASSED] - click(findTestObject("Object Repository/Page_FG3D  GRiD/button_AOI Options")): Object: 'Object Repository/Page_FG3D  GRiD/button_AOI Options' is clicked on

2020-09-10 14:56:14 - [MESSAGE][PASSED] - Object: 'Object Repository/Page_FG3D  GRiD/button_AOI Options' is clicked on

2020-09-10 14:56:14 - [TEST_STEP][PASSED] - click(findTestObject("Object Repository/Page_FG3D  GRiD/a_View on map")): Object: 'Object Repository/Page_FG3D  GRiD/a_View on map' is clicked on

2020-09-10 14:56:15 - [MESSAGE][PASSED] - Object: 'Object Repository/Page_FG3D  GRiD/a_View on map' is clicked on

2020-09-10 14:56:15 - [TEST_STEP][PASSED] - switchToWindowTitle("Map – GRiD"): Switched to window with title: 'Map – GRiD'

2020-09-10 14:56:17 - [MESSAGE][PASSED] - Switched to window with title: 'Map – GRiD'

2020-09-10 14:56:17 - [TEST_STEP][PASSED] - click(findTestObject("Page_Map  GRiD/input_Selection area or layers have been mo_90fb99")): Object: 'Object Repository/Page_Map  GRiD/input_Selection area or layers have been mo_90fb99' is clicked on

2020-09-10 14:56:18 - [MESSAGE][PASSED] - Object: 'Object Repository/Page_Map  GRiD/input_Selection area or layers have been mo_90fb99' is clicked on

2020-09-10 14:56:18 - [TEST_STEP][PASSED] - click(findTestObject("Page_Map  GRiD/span_Export")): Object: 'Object Repository/Page_Map  GRiD/span_Export' is clicked on

2020-09-10 14:56:19 - [MESSAGE][PASSED] - Object: 'Object Repository/Page_Map  GRiD/span_Export' is clicked on

2020-09-10 14:56:19 - [TEST_STEP][PASSED] - setText(findTestObject("Page_Map  GRiD/input_Export Name_name"), findTestData("FG3D Test Data").getValue("id_name", row)): Text 'T- FG3D: GeoTiff - GeoTiff - ESRI Shapefile - OpenFlight -1' is set on object 'Object Repository/Page_Map  GRiD/input_Export Name_name'

2020-09-10 14:56:21 - [MESSAGE][PASSED] - Text 'T- FG3D: GeoTiff - GeoTiff - ESRI Shapefile - OpenFlight -1' is set on object 'Object Repository/Page_Map  GRiD/input_Export Name_name'

2020-09-10 14:56:21 - [TEST_STEP][PASSED] - selectOptionByLabel(findTestObject("Page_Map  GRiD/select_GeoTiff  GeoPackage  ERDAS Imagine  --- No Output ---"), findTestData("FG3D Test Data").getValue("id_geoint_imagery", row), true): All options with label 'GeoTiff' are selected in object 'Object Repository/Page_Map  GRiD/select_GeoTiff  GeoPackage  ERDAS Imagine  --- No Output ---'  using regular expression

2020-09-10 14:56:22 - [MESSAGE][PASSED] - All options with label 'GeoTiff' are selected in object 'Object Repository/Page_Map  GRiD/select_GeoTiff  GeoPackage  ERDAS Imagine  --- No Output ---'  using regular expression

2020-09-10 14:56:22 - [TEST_STEP][PASSED] - selectOptionByLabel(findTestObject("Page_Map  GRiD/select_GeoTiff  GeoPackage  DTED  --- No Output ---"), findTestData("FG3D Test Data").getValue("id_geoint_elevation", row), true): All options with label 'GeoTiff' are selected in object 'Object Repository/Page_Map  GRiD/select_GeoTiff  GeoPackage  DTED  --- No Output ---'  using regular expression

2020-09-10 14:56:23 - [MESSAGE][PASSED] - All options with label 'GeoTiff' are selected in object 'Object Repository/Page_Map  GRiD/select_GeoTiff  GeoPackage  DTED  --- No Output ---'  using regular expression

2020-09-10 14:56:23 - [TEST_STEP][PASSED] - selectOptionByLabel(findTestObject("Page_Map  GRiD/select_ESRI Shapefile  GeoPackage  KML  --- No Output ---"), findTestData("FG3D Test Data").getValue("id_geoint_vectors", row), true): All options with label 'ESRI Shapefile' are selected in object 'Object Repository/Page_Map  GRiD/select_ESRI Shapefile  GeoPackage  KML  --- No Output ---'  using regular expression

2020-09-10 14:56:24 - [MESSAGE][PASSED] - All options with label 'ESRI Shapefile' are selected in object 'Object Repository/Page_Map  GRiD/select_ESRI Shapefile  GeoPackage  KML  --- No Output ---'  using regular expression

2020-09-10 14:56:24 - [TEST_STEP][PASSED] - selectOptionByLabel(findTestObject("Page_Map  GRiD/select_OpenFlight  Collada  KMZ  GLB  FBX  _469f7c"), findTestData("FG3D Test Data").getValue("id_geoint_models", row), true): All options with label 'OpenFlight' are selected in object 'Object Repository/Page_Map  GRiD/select_OpenFlight  Collada  KMZ  GLB  FBX  _469f7c'  using regular expression

2020-09-10 14:56:25 - [MESSAGE][PASSED] - All options with label 'OpenFlight' are selected in object 'Object Repository/Page_Map  GRiD/select_OpenFlight  Collada  KMZ  GLB  FBX  _469f7c'  using regular expression

2020-09-10 14:56:25 - [TEST_STEP][PASSED] - click(findTestObject("Page_Map  GRiD/button_Finish")): Object: 'Object Repository/Page_Map  GRiD/button_Finish' is clicked on

2020-09-10 14:56:26 - [MESSAGE][PASSED] - Object: 'Object Repository/Page_Map  GRiD/button_Finish' is clicked on

2020-09-10 14:56:26 - [TEST_STEP][PASSED] - click(findTestObject("Object Repository/Page_FG3D  GRiD/button_AOI Options")): Object: 'Object Repository/Page_FG3D  GRiD/button_AOI Options' is clicked on

2020-09-10 14:56:34 - [MESSAGE][PASSED] - Object: 'Object Repository/Page_FG3D  GRiD/button_AOI Options' is clicked on

2020-09-10 14:56:34 - [TEST_STEP][PASSED] - click(findTestObject("Object Repository/Page_FG3D  GRiD/a_View on map")): Object: 'Object Repository/Page_FG3D  GRiD/a_View on map' is clicked on

2020-09-10 14:56:34 - [MESSAGE][PASSED] - Object: 'Object Repository/Page_FG3D  GRiD/a_View on map' is clicked on

2020-09-10 14:56:34 - [TEST_STEP][PASSED] - switchToWindowTitle("Map – GRiD"): Switched to window with title: 'Map – GRiD'

2020-09-10 14:56:36 - [MESSAGE][PASSED] - Switched to window with title: 'Map – GRiD'

2020-09-10 14:56:36 - [TEST_STEP][PASSED] - click(findTestObject("Page_Map  GRiD/input_Selection area or layers have been mo_90fb99")): Object: 'Object Repository/Page_Map  GRiD/input_Selection area or layers have been mo_90fb99' is clicked on

2020-09-10 14:56:37 - [MESSAGE][PASSED] - Object: 'Object Repository/Page_Map  GRiD/input_Selection area or layers have been mo_90fb99' is clicked on

2020-09-10 14:56:37 - [TEST_STEP][PASSED] - click(findTestObject("Page_Map  GRiD/span_Export")): Object: 'Object Repository/Page_Map  GRiD/span_Export' is clicked on

2020-09-10 14:56:38 - [MESSAGE][PASSED] - Object: 'Object Repository/Page_Map  GRiD/span_Export' is clicked on

2020-09-10 14:56:38 - [TEST_STEP][PASSED] - setText(findTestObject("Page_Map  GRiD/input_Export Name_name"), findTestData("FG3D Test Data").getValue("id_name", row)): Text 'T- FG3D: GeoTiff - GeoTiff - ESRI Shapefile - Collada -1' is set on object 'Object Repository/Page_Map  GRiD/input_Export Name_name'

2020-09-10 14:56:40 - [MESSAGE][PASSED] - Text 'T- FG3D: GeoTiff - GeoTiff - ESRI Shapefile - Collada -1' is set on object 'Object Repository/Page_Map  GRiD/input_Export Name_name'

2020-09-10 14:56:40 - [TEST_STEP][PASSED] - selectOptionByLabel(findTestObject("Page_Map  GRiD/select_GeoTiff  GeoPackage  ERDAS Imagine  --- No Output ---"), findTestData("FG3D Test Data").getValue("id_geoint_imagery", row), true): All options with label 'GeoTiff' are selected in object 'Object Repository/Page_Map  GRiD/select_GeoTiff  GeoPackage  ERDAS Imagine  --- No Output ---'  using regular expression

2020-09-10 14:56:41 - [MESSAGE][PASSED] - All options with label 'GeoTiff' are selected in object 'Object Repository/Page_Map  GRiD/select_GeoTiff  GeoPackage  ERDAS Imagine  --- No Output ---'  using regular expression

2020-09-10 14:56:41 - [TEST_STEP][PASSED] - selectOptionByLabel(findTestObject("Page_Map  GRiD/select_GeoTiff  GeoPackage  DTED  --- No Output ---"), findTestData("FG3D Test Data").getValue("id_geoint_elevation", row), true): All options with label 'GeoTiff' are selected in object 'Object Repository/Page_Map  GRiD/select_GeoTiff  GeoPackage  DTED  --- No Output ---'  using regular expression

2020-09-10 14:56:42 - [MESSAGE][PASSED] - All options with label 'GeoTiff' are selected in object 'Object Repository/Page_Map  GRiD/select_GeoTiff  GeoPackage  DTED  --- No Output ---'  using regular expression

2020-09-10 14:56:42 - [TEST_STEP][PASSED] - selectOptionByLabel(findTestObject("Page_Map  GRiD/select_ESRI Shapefile  GeoPackage  KML  --- No Output ---"), findTestData("FG3D Test Data").getValue("id_geoint_vectors", row), true): All options with label 'ESRI Shapefile' are selected in object 'Object Repository/Page_Map  GRiD/select_ESRI Shapefile  GeoPackage  KML  --- No Output ---'  using regular expression

2020-09-10 14:56:43 - [MESSAGE][PASSED] - All options with label 'ESRI Shapefile' are selected in object 'Object Repository/Page_Map  GRiD/select_ESRI Shapefile  GeoPackage  KML  --- No Output ---'  using regular expression

2020-09-10 14:56:43 - [TEST_STEP][PASSED] - selectOptionByLabel(findTestObject("Page_Map  GRiD/select_OpenFlight  Collada  KMZ  GLB  FBX  _469f7c"), findTestData("FG3D Test Data").getValue("id_geoint_models", row), true): All options with label 'Collada' are selected in object 'Object Repository/Page_Map  GRiD/select_OpenFlight  Collada  KMZ  GLB  FBX  _469f7c'  using regular expression

2020-09-10 14:56:44 - [MESSAGE][PASSED] - All options with label 'Collada' are selected in object 'Object Repository/Page_Map  GRiD/select_OpenFlight  Collada  KMZ  GLB  FBX  _469f7c'  using regular expression

2020-09-10 14:56:44 - [TEST_STEP][PASSED] - click(findTestObject("Page_Map  GRiD/button_Finish")): Object: 'Object Repository/Page_Map  GRiD/button_Finish' is clicked on

2020-09-10 14:56:45 - [MESSAGE][PASSED] - Object: 'Object Repository/Page_Map  GRiD/button_Finish' is clicked on

2020-09-10 14:56:45 - [TEST_STEP][PASSED] - click(findTestObject("Object Repository/Page_FG3D  GRiD/button_AOI Options")): Object: 'Object Repository/Page_FG3D  GRiD/button_AOI Options' is clicked on

2020-09-10 14:56:52 - [MESSAGE][PASSED] - Object: 'Object Repository/Page_FG3D  GRiD/button_AOI Options' is clicked on

2020-09-10 14:56:52 - [TEST_STEP][PASSED] - click(findTestObject("Object Repository/Page_FG3D  GRiD/a_View on map")): Object: 'Object Repository/Page_FG3D  GRiD/a_View on map' is clicked on

2020-09-10 14:56:52 - [MESSAGE][PASSED] - Object: 'Object Repository/Page_FG3D  GRiD/a_View on map' is clicked on

2020-09-10 14:56:52 - [TEST_STEP][PASSED] - switchToWindowTitle("Map – GRiD"): Switched to window with title: 'Map – GRiD'

2020-09-10 14:56:53 - [MESSAGE][PASSED] - Switched to window with title: 'Map – GRiD'

2020-09-10 14:56:53 - [TEST_STEP][PASSED] - click(findTestObject("Page_Map  GRiD/input_Selection area or layers have been mo_90fb99")): Object: 'Object Repository/Page_Map  GRiD/input_Selection area or layers have been mo_90fb99' is clicked on

2020-09-10 14:56:55 - [MESSAGE][PASSED] - Object: 'Object Repository/Page_Map  GRiD/input_Selection area or layers have been mo_90fb99' is clicked on

2020-09-10 14:56:55 - [TEST_STEP][PASSED] - click(findTestObject("Page_Map  GRiD/span_Export")): Object: 'Object Repository/Page_Map  GRiD/span_Export' is clicked on

2020-09-10 14:56:56 - [MESSAGE][PASSED] - Object: 'Object Repository/Page_Map  GRiD/span_Export' is clicked on

2020-09-10 14:56:56 - [TEST_STEP][PASSED] - setText(findTestObject("Page_Map  GRiD/input_Export Name_name"), findTestData("FG3D Test Data").getValue("id_name", row)): Text 'T- FG3D: GeoTiff - GeoTiff - ESRI Shapefile - KMZ -1' is set on object 'Object Repository/Page_Map  GRiD/input_Export Name_name'

2020-09-10 14:56:58 - [MESSAGE][PASSED] - Text 'T- FG3D: GeoTiff - GeoTiff - ESRI Shapefile - KMZ -1' is set on object 'Object Repository/Page_Map  GRiD/input_Export Name_name'

2020-09-10 14:56:58 - [TEST_STEP][PASSED] - selectOptionByLabel(findTestObject("Page_Map  GRiD/select_GeoTiff  GeoPackage  ERDAS Imagine  --- No Output ---"), findTestData("FG3D Test Data").getValue("id_geoint_imagery", row), true): All options with label 'GeoTiff' are selected in object 'Object Repository/Page_Map  GRiD/select_GeoTiff  GeoPackage  ERDAS Imagine  --- No Output ---'  using regular expression

2020-09-10 14:56:59 - [MESSAGE][PASSED] - All options with label 'GeoTiff' are selected in object 'Object Repository/Page_Map  GRiD/select_GeoTiff  GeoPackage  ERDAS Imagine  --- No Output ---'  using regular expression

2020-09-10 14:56:59 - [TEST_STEP][PASSED] - selectOptionByLabel(findTestObject("Page_Map  GRiD/select_GeoTiff  GeoPackage  DTED  --- No Output ---"), findTestData("FG3D Test Data").getValue("id_geoint_elevation", row), true): All options with label 'GeoTiff' are selected in object 'Object Repository/Page_Map  GRiD/select_GeoTiff  GeoPackage  DTED  --- No Output ---'  using regular expression

2020-09-10 14:57:00 - [MESSAGE][PASSED] - All options with label 'GeoTiff' are selected in object 'Object Repository/Page_Map  GRiD/select_GeoTiff  GeoPackage  DTED  --- No Output ---'  using regular expression

2020-09-10 14:57:00 - [TEST_STEP][PASSED] - selectOptionByLabel(findTestObject("Page_Map  GRiD/select_ESRI Shapefile  GeoPackage  KML  --- No Output ---"), findTestData("FG3D Test Data").getValue("id_geoint_vectors", row), true): All options with label 'ESRI Shapefile' are selected in object 'Object Repository/Page_Map  GRiD/select_ESRI Shapefile  GeoPackage  KML  --- No Output ---'  using regular expression

2020-09-10 14:57:01 - [MESSAGE][PASSED] - All options with label 'ESRI Shapefile' are selected in object 'Object Repository/Page_Map  GRiD/select_ESRI Shapefile  GeoPackage  KML  --- No Output ---'  using regular expression

2020-09-10 14:57:01 - [TEST_STEP][PASSED] - selectOptionByLabel(findTestObject("Page_Map  GRiD/select_OpenFlight  Collada  KMZ  GLB  FBX  _469f7c"), findTestData("FG3D Test Data").getValue("id_geoint_models", row), true): All options with label 'KMZ' are selected in object 'Object Repository/Page_Map  GRiD/select_OpenFlight  Collada  KMZ  GLB  FBX  _469f7c'  using regular expression

2020-09-10 14:57:02 - [MESSAGE][PASSED] - All options with label 'KMZ' are selected in object 'Object Repository/Page_Map  GRiD/select_OpenFlight  Collada  KMZ  GLB  FBX  _469f7c'  using regular expression

2020-09-10 14:57:02 - [TEST_STEP][PASSED] - click(findTestObject("Page_Map  GRiD/button_Finish")): Object: 'Object Repository/Page_Map  GRiD/button_Finish' is clicked on

2020-09-10 14:57:03 - [MESSAGE][PASSED] - Object: 'Object Repository/Page_Map  GRiD/button_Finish' is clicked on

2020-09-10 14:57:03 - [TEST_STEP][PASSED] - click(findTestObject("Object Repository/Page_FG3D  GRiD/button_AOI Options")): Object: 'Object Repository/Page_FG3D  GRiD/button_AOI Options' is clicked on

2020-09-10 14:57:11 - [MESSAGE][PASSED] - Object: 'Object Repository/Page_FG3D  GRiD/button_AOI Options' is clicked on

2020-09-10 14:57:11 - [TEST_STEP][PASSED] - click(findTestObject("Object Repository/Page_FG3D  GRiD/a_View on map")): Object: 'Object Repository/Page_FG3D  GRiD/a_View on map' is clicked on

2020-09-10 14:57:11 - [MESSAGE][PASSED] - Object: 'Object Repository/Page_FG3D  GRiD/a_View on map' is clicked on

2020-09-10 14:57:11 - [TEST_STEP][PASSED] - switchToWindowTitle("Map – GRiD"): Switched to window with title: 'Map – GRiD'

2020-09-10 14:57:12 - [MESSAGE][PASSED] - Switched to window with title: 'Map – GRiD'

2020-09-10 14:57:12 - [TEST_STEP][PASSED] - click(findTestObject("Page_Map  GRiD/input_Selection area or layers have been mo_90fb99")): Object: 'Object Repository/Page_Map  GRiD/input_Selection area or layers have been mo_90fb99' is clicked on

2020-09-10 14:57:17 - [MESSAGE][PASSED] - Object: 'Object Repository/Page_Map  GRiD/input_Selection area or layers have been mo_90fb99' is clicked on

2020-09-10 14:57:17 - [TEST_STEP][PASSED] - click(findTestObject("Page_Map  GRiD/span_Export")): Object: 'Object Repository/Page_Map  GRiD/span_Export' is clicked on

2020-09-10 14:57:18 - [MESSAGE][PASSED] - Object: 'Object Repository/Page_Map  GRiD/span_Export' is clicked on

2020-09-10 14:57:18 - [TEST_STEP][PASSED] - setText(findTestObject("Page_Map  GRiD/input_Export Name_name"), findTestData("FG3D Test Data").getValue("id_name", row)): Text 'T- FG3D: GeoTiff - GeoTiff - ESRI Shapefile - GLB -1' is set on object 'Object Repository/Page_Map  GRiD/input_Export Name_name'

2020-09-10 14:57:20 - [MESSAGE][PASSED] - Text 'T- FG3D: GeoTiff - GeoTiff - ESRI Shapefile - GLB -1' is set on object 'Object Repository/Page_Map  GRiD/input_Export Name_name'

2020-09-10 14:57:20 - [TEST_STEP][PASSED] - selectOptionByLabel(findTestObject("Page_Map  GRiD/select_GeoTiff  GeoPackage  ERDAS Imagine  --- No Output ---"), findTestData("FG3D Test Data").getValue("id_geoint_imagery", row), true): All options with label 'GeoTiff' are selected in object 'Object Repository/Page_Map  GRiD/select_GeoTiff  GeoPackage  ERDAS Imagine  --- No Output ---'  using regular expression

2020-09-10 14:57:21 - [MESSAGE][PASSED] - All options with label 'GeoTiff' are selected in object 'Object Repository/Page_Map  GRiD/select_GeoTiff  GeoPackage  ERDAS Imagine  --- No Output ---'  using regular expression

2020-09-10 14:57:21 - [TEST_STEP][PASSED] - selectOptionByLabel(findTestObject("Page_Map  GRiD/select_GeoTiff  GeoPackage  DTED  --- No Output ---"), findTestData("FG3D Test Data").getValue("id_geoint_elevation", row), true): All options with label 'GeoTiff' are selected in object 'Object Repository/Page_Map  GRiD/select_GeoTiff  GeoPackage  DTED  --- No Output ---'  using regular expression

2020-09-10 14:57:22 - [MESSAGE][PASSED] - All options with label 'GeoTiff' are selected in object 'Object Repository/Page_Map  GRiD/select_GeoTiff  GeoPackage  DTED  --- No Output ---'  using regular expression

2020-09-10 14:57:22 - [TEST_STEP][PASSED] - selectOptionByLabel(findTestObject("Page_Map  GRiD/select_ESRI Shapefile  GeoPackage  KML  --- No Output ---"), findTestData("FG3D Test Data").getValue("id_geoint_vectors", row), true): All options with label 'ESRI Shapefile' are selected in object 'Object Repository/Page_Map  GRiD/select_ESRI Shapefile  GeoPackage  KML  --- No Output ---'  using regular expression

2020-09-10 14:57:23 - [MESSAGE][PASSED] - All options with label 'ESRI Shapefile' are selected in object 'Object Repository/Page_Map  GRiD/select_ESRI Shapefile  GeoPackage  KML  --- No Output ---'  using regular expression

2020-09-10 14:57:23 - [TEST_STEP][PASSED] - selectOptionByLabel(findTestObject("Page_Map  GRiD/select_OpenFlight  Collada  KMZ  GLB  FBX  _469f7c"), findTestData("FG3D Test Data").getValue("id_geoint_models", row), true): All options with label 'GLB' are selected in object 'Object Repository/Page_Map  GRiD/select_OpenFlight  Collada  KMZ  GLB  FBX  _469f7c'  using regular expression

2020-09-10 14:57:24 - [MESSAGE][PASSED] - All options with label 'GLB' are selected in object 'Object Repository/Page_Map  GRiD/select_OpenFlight  Collada  KMZ  GLB  FBX  _469f7c'  using regular expression

2020-09-10 14:57:24 - [TEST_STEP][PASSED] - click(findTestObject("Page_Map  GRiD/button_Finish")): Object: 'Object Repository/Page_Map  GRiD/button_Finish' is clicked on

2020-09-10 14:57:24 - [MESSAGE][PASSED] - Object: 'Object Repository/Page_Map  GRiD/button_Finish' is clicked on

2020-09-10 14:57:24 - [TEST_STEP][PASSED] - click(findTestObject("Object Repository/Page_FG3D  GRiD/button_AOI Options")): Object: 'Object Repository/Page_FG3D  GRiD/button_AOI Options' is clicked on

2020-09-10 14:57:34 - [MESSAGE][PASSED] - Object: 'Object Repository/Page_FG3D  GRiD/button_AOI Options' is clicked on

2020-09-10 14:57:34 - [TEST_STEP][PASSED] - click(findTestObject("Object Repository/Page_FG3D  GRiD/a_View on map")): Object: 'Object Repository/Page_FG3D  GRiD/a_View on map' is clicked on

2020-09-10 14:57:34 - [MESSAGE][PASSED] - Object: 'Object Repository/Page_FG3D  GRiD/a_View on map' is clicked on

2020-09-10 14:57:34 - [TEST_STEP][PASSED] - switchToWindowTitle("Map – GRiD"): Switched to window with title: 'Map – GRiD'

2020-09-10 14:57:36 - [MESSAGE][PASSED] - Switched to window with title: 'Map – GRiD'

2020-09-10 14:57:36 - [TEST_STEP][PASSED] - click(findTestObject("Page_Map  GRiD/input_Selection area or layers have been mo_90fb99")): Object: 'Object Repository/Page_Map  GRiD/input_Selection area or layers have been mo_90fb99' is clicked on

2020-09-10 14:57:40 - [MESSAGE][PASSED] - Object: 'Object Repository/Page_Map  GRiD/input_Selection area or layers have been mo_90fb99' is clicked on

2020-09-10 14:57:40 - [TEST_STEP][PASSED] - click(findTestObject("Page_Map  GRiD/span_Export")): Object: 'Object Repository/Page_Map  GRiD/span_Export' is clicked on

2020-09-10 14:57:42 - [MESSAGE][PASSED] - Object: 'Object Repository/Page_Map  GRiD/span_Export' is clicked on

2020-09-10 14:57:42 - [TEST_STEP][PASSED] - setText(findTestObject("Page_Map  GRiD/input_Export Name_name"), findTestData("FG3D Test Data").getValue("id_name", row)): Text 'T- FG3D: GeoTiff - GeoTiff - ESRI Shapefile - FBX -1' is set on object 'Object Repository/Page_Map  GRiD/input_Export Name_name'

2020-09-10 14:57:44 - [MESSAGE][PASSED] - Text 'T- FG3D: GeoTiff - GeoTiff - ESRI Shapefile - FBX -1' is set on object 'Object Repository/Page_Map  GRiD/input_Export Name_name'

2020-09-10 14:57:44 - [TEST_STEP][PASSED] - selectOptionByLabel(findTestObject("Page_Map  GRiD/select_GeoTiff  GeoPackage  ERDAS Imagine  --- No Output ---"), findTestData("FG3D Test Data").getValue("id_geoint_imagery", row), true): All options with label 'GeoTiff' are selected in object 'Object Repository/Page_Map  GRiD/select_GeoTiff  GeoPackage  ERDAS Imagine  --- No Output ---'  using regular expression

2020-09-10 14:57:46 - [MESSAGE][PASSED] - All options with label 'GeoTiff' are selected in object 'Object Repository/Page_Map  GRiD/select_GeoTiff  GeoPackage  ERDAS Imagine  --- No Output ---'  using regular expression

2020-09-10 14:57:46 - [TEST_STEP][PASSED] - selectOptionByLabel(findTestObject("Page_Map  GRiD/select_GeoTiff  GeoPackage  DTED  --- No Output ---"), findTestData("FG3D Test Data").getValue("id_geoint_elevation", row), true): All options with label 'GeoTiff' are selected in object 'Object Repository/Page_Map  GRiD/select_GeoTiff  GeoPackage  DTED  --- No Output ---'  using regular expression

2020-09-10 14:57:47 - [MESSAGE][PASSED] - All options with label 'GeoTiff' are selected in object 'Object Repository/Page_Map  GRiD/select_GeoTiff  GeoPackage  DTED  --- No Output ---'  using regular expression

2020-09-10 14:57:47 - [TEST_STEP][PASSED] - selectOptionByLabel(findTestObject("Page_Map  GRiD/select_ESRI Shapefile  GeoPackage  KML  --- No Output ---"), findTestData("FG3D Test Data").getValue("id_geoint_vectors", row), true): All options with label 'ESRI Shapefile' are selected in object 'Object Repository/Page_Map  GRiD/select_ESRI Shapefile  GeoPackage  KML  --- No Output ---'  using regular expression

2020-09-10 14:57:48 - [MESSAGE][PASSED] - All options with label 'ESRI Shapefile' are selected in object 'Object Repository/Page_Map  GRiD/select_ESRI Shapefile  GeoPackage  KML  --- No Output ---'  using regular expression

2020-09-10 14:57:48 - [TEST_STEP][PASSED] - selectOptionByLabel(findTestObject("Page_Map  GRiD/select_OpenFlight  Collada  KMZ  GLB  FBX  _469f7c"), findTestData("FG3D Test Data").getValue("id_geoint_models", row), true): All options with label 'FBX' are selected in object 'Object Repository/Page_Map  GRiD/select_OpenFlight  Collada  KMZ  GLB  FBX  _469f7c'  using regular expression

2020-09-10 14:57:49 - [MESSAGE][PASSED] - All options with label 'FBX' are selected in object 'Object Repository/Page_Map  GRiD/select_OpenFlight  Collada  KMZ  GLB  FBX  _469f7c'  using regular expression

2020-09-10 14:57:49 - [TEST_STEP][PASSED] - click(findTestObject("Page_Map  GRiD/button_Finish")): Object: 'Object Repository/Page_Map  GRiD/button_Finish' is clicked on

2020-09-10 14:57:49 - [MESSAGE][PASSED] - Object: 'Object Repository/Page_Map  GRiD/button_Finish' is clicked on

2020-09-10 14:57:49 - [TEST_STEP][PASSED] - click(findTestObject("Object Repository/Page_FG3D  GRiD/button_AOI Options")): Object: 'Object Repository/Page_FG3D  GRiD/button_AOI Options' is clicked on

2020-09-10 14:58:09 - [MESSAGE][PASSED] - Object: 'Object Repository/Page_FG3D  GRiD/button_AOI Options' is clicked on

2020-09-10 14:58:09 - [TEST_STEP][PASSED] - click(findTestObject("Object Repository/Page_FG3D  GRiD/a_View on map")): Object: 'Object Repository/Page_FG3D  GRiD/a_View on map' is clicked on

2020-09-10 14:58:10 - [MESSAGE][PASSED] - Object: 'Object Repository/Page_FG3D  GRiD/a_View on map' is clicked on

2020-09-10 14:58:10 - [TEST_STEP][PASSED] - switchToWindowTitle("Map – GRiD"): Switched to window with title: 'Map – GRiD'

2020-09-10 14:58:12 - [MESSAGE][PASSED] - Switched to window with title: 'Map – GRiD'

2020-09-10 14:58:12 - [TEST_STEP][PASSED] - click(findTestObject("Page_Map  GRiD/input_Selection area or layers have been mo_90fb99")): Object: 'Object Repository/Page_Map  GRiD/input_Selection area or layers have been mo_90fb99' is clicked on

2020-09-10 14:58:21 - [MESSAGE][PASSED] - Object: 'Object Repository/Page_Map  GRiD/input_Selection area or layers have been mo_90fb99' is clicked on

2020-09-10 14:58:21 - [TEST_STEP][PASSED] - click(findTestObject("Page_Map  GRiD/span_Export")): Object: 'Object Repository/Page_Map  GRiD/span_Export' is clicked on

2020-09-10 14:58:23 - [MESSAGE][PASSED] - Object: 'Object Repository/Page_Map  GRiD/span_Export' is clicked on

2020-09-10 14:58:23 - [TEST_STEP][PASSED] - setText(findTestObject("Page_Map  GRiD/input_Export Name_name"), findTestData("FG3D Test Data").getValue("id_name", row)): Text 'T- FG3D: GeoTiff - GeoTiff - ESRI Shapefile - OBJ -1' is set on object 'Object Repository/Page_Map  GRiD/input_Export Name_name'

2020-09-10 14:58:28 - [MESSAGE][PASSED] - Text 'T- FG3D: GeoTiff - GeoTiff - ESRI Shapefile - OBJ -1' is set on object 'Object Repository/Page_Map  GRiD/input_Export Name_name'

2020-09-10 14:58:28 - [TEST_STEP][PASSED] - selectOptionByLabel(findTestObject("Page_Map  GRiD/select_GeoTiff  GeoPackage  ERDAS Imagine  --- No Output ---"), findTestData("FG3D Test Data").getValue("id_geoint_imagery", row), true): All options with label 'GeoTiff' are selected in object 'Object Repository/Page_Map  GRiD/select_GeoTiff  GeoPackage  ERDAS Imagine  --- No Output ---'  using regular expression

2020-09-10 14:58:29 - [MESSAGE][PASSED] - All options with label 'GeoTiff' are selected in object 'Object Repository/Page_Map  GRiD/select_GeoTiff  GeoPackage  ERDAS Imagine  --- No Output ---'  using regular expression

2020-09-10 14:58:29 - [TEST_STEP][PASSED] - selectOptionByLabel(findTestObject("Page_Map  GRiD/select_GeoTiff  GeoPackage  DTED  --- No Output ---"), findTestData("FG3D Test Data").getValue("id_geoint_elevation", row), true): All options with label 'GeoTiff' are selected in object 'Object Repository/Page_Map  GRiD/select_GeoTiff  GeoPackage  DTED  --- No Output ---'  using regular expression

2020-09-10 14:58:30 - [MESSAGE][PASSED] - All options with label 'GeoTiff' are selected in object 'Object Repository/Page_Map  GRiD/select_GeoTiff  GeoPackage  DTED  --- No Output ---'  using regular expression

2020-09-10 14:58:30 - [TEST_STEP][PASSED] - selectOptionByLabel(findTestObject("Page_Map  GRiD/select_ESRI Shapefile  GeoPackage  KML  --- No Output ---"), findTestData("FG3D Test Data").getValue("id_geoint_vectors", row), true): All options with label 'ESRI Shapefile' are selected in object 'Object Repository/Page_Map  GRiD/select_ESRI Shapefile  GeoPackage  KML  --- No Output ---'  using regular expression

2020-09-10 14:58:31 - [MESSAGE][PASSED] - All options with label 'ESRI Shapefile' are selected in object 'Object Repository/Page_Map  GRiD/select_ESRI Shapefile  GeoPackage  KML  --- No Output ---'  using regular expression

2020-09-10 14:58:31 - [TEST_STEP][PASSED] - selectOptionByLabel(findTestObject("Page_Map  GRiD/select_OpenFlight  Collada  KMZ  GLB  FBX  _469f7c"), findTestData("FG3D Test Data").getValue("id_geoint_models", row), true): All options with label 'OBJ' are selected in object 'Object Repository/Page_Map  GRiD/select_OpenFlight  Collada  KMZ  GLB  FBX  _469f7c'  using regular expression

2020-09-10 14:58:32 - [MESSAGE][PASSED] - All options with label 'OBJ' are selected in object 'Object Repository/Page_Map  GRiD/select_OpenFlight  Collada  KMZ  GLB  FBX  _469f7c'  using regular expression

2020-09-10 14:58:32 - [TEST_STEP][PASSED] - click(findTestObject("Page_Map  GRiD/button_Finish")): Object: 'Object Repository/Page_Map  GRiD/button_Finish' is clicked on

2020-09-10 14:58:33 - [MESSAGE][PASSED] - Object: 'Object Repository/Page_Map  GRiD/button_Finish' is clicked on

2020-09-10 14:58:33 - [TEST_STEP][PASSED] - click(findTestObject("Object Repository/Page_FG3D  GRiD/button_AOI Options")): Object: 'Object Repository/Page_FG3D  GRiD/button_AOI Options' is clicked on

2020-09-10 14:58:55 - [MESSAGE][PASSED] - Object: 'Object Repository/Page_FG3D  GRiD/button_AOI Options' is clicked on

2020-09-10 14:58:55 - [TEST_STEP][PASSED] - click(findTestObject("Object Repository/Page_FG3D  GRiD/a_View on map")): Object: 'Object Repository/Page_FG3D  GRiD/a_View on map' is clicked on

2020-09-10 14:58:55 - [MESSAGE][PASSED] - Object: 'Object Repository/Page_FG3D  GRiD/a_View on map' is clicked on

2020-09-10 14:58:55 - [TEST_STEP][PASSED] - switchToWindowTitle("Map – GRiD"): Switched to window with title: 'Map – GRiD'

2020-09-10 14:58:58 - [MESSAGE][PASSED] - Switched to window with title: 'Map – GRiD'

2020-09-10 14:58:58 - [TEST_STEP][PASSED] - click(findTestObject("Page_Map  GRiD/input_Selection area or layers have been mo_90fb99")): Object: 'Object Repository/Page_Map  GRiD/input_Selection area or layers have been mo_90fb99' is clicked on

2020-09-10 14:59:08 - [MESSAGE][PASSED] - Object: 'Object Repository/Page_Map  GRiD/input_Selection area or layers have been mo_90fb99' is clicked on

2020-09-10 14:59:08 - [TEST_STEP][PASSED] - click(findTestObject("Page_Map  GRiD/span_Export")): Object: 'Object Repository/Page_Map  GRiD/span_Export' is clicked on

2020-09-10 14:59:16 - [MESSAGE][PASSED] - Object: 'Object Repository/Page_Map  GRiD/span_Export' is clicked on

2020-09-10 14:59:16 - [TEST_STEP][PASSED] - setText(findTestObject("Page_Map  GRiD/input_Export Name_name"), findTestData("FG3D Test Data").getValue("id_name", row)): Text 'T- FG3D: GeoTiff - GeoTiff - ESRI Shapefile - --- No Output --- -1' is set on object 'Object Repository/Page_Map  GRiD/input_Export Name_name'

2020-09-10 14:59:21 - [MESSAGE][PASSED] - Text 'T- FG3D: GeoTiff - GeoTiff - ESRI Shapefile - --- No Output --- -1' is set on object 'Object Repository/Page_Map  GRiD/input_Export Name_name'

2020-09-10 14:59:21 - [TEST_STEP][PASSED] - selectOptionByLabel(findTestObject("Page_Map  GRiD/select_GeoTiff  GeoPackage  ERDAS Imagine  --- No Output ---"), findTestData("FG3D Test Data").getValue("id_geoint_imagery", row), true): All options with label 'GeoTiff' are selected in object 'Object Repository/Page_Map  GRiD/select_GeoTiff  GeoPackage  ERDAS Imagine  --- No Output ---'  using regular expression

2020-09-10 14:59:22 - [MESSAGE][PASSED] - All options with label 'GeoTiff' are selected in object 'Object Repository/Page_Map  GRiD/select_GeoTiff  GeoPackage  ERDAS Imagine  --- No Output ---'  using regular expression

2020-09-10 14:59:22 - [TEST_STEP][PASSED] - selectOptionByLabel(findTestObject("Page_Map  GRiD/select_GeoTiff  GeoPackage  DTED  --- No Output ---"), findTestData("FG3D Test Data").getValue("id_geoint_elevation", row), true): All options with label 'GeoTiff' are selected in object 'Object Repository/Page_Map  GRiD/select_GeoTiff  GeoPackage  DTED  --- No Output ---'  using regular expression

2020-09-10 14:59:23 - [MESSAGE][PASSED] - All options with label 'GeoTiff' are selected in object 'Object Repository/Page_Map  GRiD/select_GeoTiff  GeoPackage  DTED  --- No Output ---'  using regular expression

2020-09-10 14:59:23 - [TEST_STEP][PASSED] - selectOptionByLabel(findTestObject("Page_Map  GRiD/select_ESRI Shapefile  GeoPackage  KML  --- No Output ---"), findTestData("FG3D Test Data").getValue("id_geoint_vectors", row), true): All options with label 'ESRI Shapefile' are selected in object 'Object Repository/Page_Map  GRiD/select_ESRI Shapefile  GeoPackage  KML  --- No Output ---'  using regular expression

2020-09-10 14:59:24 - [MESSAGE][PASSED] - All options with label 'ESRI Shapefile' are selected in object 'Object Repository/Page_Map  GRiD/select_ESRI Shapefile  GeoPackage  KML  --- No Output ---'  using regular expression

2020-09-10 14:59:24 - [TEST_STEP][PASSED] - selectOptionByLabel(findTestObject("Page_Map  GRiD/select_OpenFlight  Collada  KMZ  GLB  FBX  _469f7c"), findTestData("FG3D Test Data").getValue("id_geoint_models", row), true): All options with label '--- No Output ---' are selected in object 'Object Repository/Page_Map  GRiD/select_OpenFlight  Collada  KMZ  GLB  FBX  _469f7c'  using regular expression

2020-09-10 14:59:25 - [MESSAGE][PASSED] - All options with label '--- No Output ---' are selected in object 'Object Repository/Page_Map  GRiD/select_OpenFlight  Collada  KMZ  GLB  FBX  _469f7c'  using regular expression

2020-09-10 14:59:25 - [TEST_STEP][PASSED] - click(findTestObject("Page_Map  GRiD/button_Finish")): Object: 'Object Repository/Page_Map  GRiD/button_Finish' is clicked on

2020-09-10 14:59:25 - [MESSAGE][PASSED] - Object: 'Object Repository/Page_Map  GRiD/button_Finish' is clicked on

2020-09-10 14:59:25 - [TEST_STEP][PASSED] - click(findTestObject("Object Repository/Page_FG3D  GRiD/button_AOI Options")): Object: 'Object Repository/Page_FG3D  GRiD/button_AOI Options' is clicked on

2020-09-10 14:59:39 - [MESSAGE][PASSED] - Object: 'Object Repository/Page_FG3D  GRiD/button_AOI Options' is clicked on

2020-09-10 14:59:39 - [TEST_STEP][PASSED] - click(findTestObject("Object Repository/Page_FG3D  GRiD/a_View on map")): Object: 'Object Repository/Page_FG3D  GRiD/a_View on map' is clicked on

2020-09-10 14:59:39 - [MESSAGE][PASSED] - Object: 'Object Repository/Page_FG3D  GRiD/a_View on map' is clicked on

2020-09-10 14:59:39 - [TEST_STEP][PASSED] - switchToWindowTitle("Map – GRiD"): Switched to window with title: 'Map – GRiD'

2020-09-10 14:59:42 - [MESSAGE][PASSED] - Switched to window with title: 'Map – GRiD'

2020-09-10 14:59:42 - [TEST_STEP][PASSED] - click(findTestObject("Page_Map  GRiD/input_Selection area or layers have been mo_90fb99")): Object: 'Object Repository/Page_Map  GRiD/input_Selection area or layers have been mo_90fb99' is clicked on

2020-09-10 14:59:52 - [MESSAGE][PASSED] - Object: 'Object Repository/Page_Map  GRiD/input_Selection area or layers have been mo_90fb99' is clicked on

2020-09-10 14:59:52 - [TEST_STEP][PASSED] - click(findTestObject("Page_Map  GRiD/span_Export")): Object: 'Object Repository/Page_Map  GRiD/span_Export' is clicked on

2020-09-10 14:59:57 - [MESSAGE][PASSED] - Object: 'Object Repository/Page_Map  GRiD/span_Export' is clicked on

2020-09-10 14:59:57 - [TEST_STEP][PASSED] - setText(findTestObject("Page_Map  GRiD/input_Export Name_name"), findTestData("FG3D Test Data").getValue("id_name", row)): Text 'T- FG3D: GeoTiff - GeoTiff - GeoPackage - OpenFlight -1' is set on object 'Object Repository/Page_Map  GRiD/input_Export Name_name'

2020-09-10 15:00:02 - [MESSAGE][PASSED] - Text 'T- FG3D: GeoTiff - GeoTiff - GeoPackage - OpenFlight -1' is set on object 'Object Repository/Page_Map  GRiD/input_Export Name_name'

2020-09-10 15:00:02 - [TEST_STEP][PASSED] - selectOptionByLabel(findTestObject("Page_Map  GRiD/select_GeoTiff  GeoPackage  ERDAS Imagine  --- No Output ---"), findTestData("FG3D Test Data").getValue("id_geoint_imagery", row), true): All options with label 'GeoTiff' are selected in object 'Object Repository/Page_Map  GRiD/select_GeoTiff  GeoPackage  ERDAS Imagine  --- No Output ---'  using regular expression

2020-09-10 15:00:03 - [MESSAGE][PASSED] - All options with label 'GeoTiff' are selected in object 'Object Repository/Page_Map  GRiD/select_GeoTiff  GeoPackage  ERDAS Imagine  --- No Output ---'  using regular expression

2020-09-10 15:00:03 - [TEST_STEP][PASSED] - selectOptionByLabel(findTestObject("Page_Map  GRiD/select_GeoTiff  GeoPackage  DTED  --- No Output ---"), findTestData("FG3D Test Data").getValue("id_geoint_elevation", row), true): All options with label 'GeoTiff' are selected in object 'Object Repository/Page_Map  GRiD/select_GeoTiff  GeoPackage  DTED  --- No Output ---'  using regular expression

2020-09-10 15:00:04 - [MESSAGE][PASSED] - All options with label 'GeoTiff' are selected in object 'Object Repository/Page_Map  GRiD/select_GeoTiff  GeoPackage  DTED  --- No Output ---'  using regular expression

2020-09-10 15:00:04 - [TEST_STEP][PASSED] - selectOptionByLabel(findTestObject("Page_Map  GRiD/select_ESRI Shapefile  GeoPackage  KML  --- No Output ---"), findTestData("FG3D Test Data").getValue("id_geoint_vectors", row), true): All options with label 'GeoPackage' are selected in object 'Object Repository/Page_Map  GRiD/select_ESRI Shapefile  GeoPackage  KML  --- No Output ---'  using regular expression

2020-09-10 15:00:05 - [MESSAGE][PASSED] - All options with label 'GeoPackage' are selected in object 'Object Repository/Page_Map  GRiD/select_ESRI Shapefile  GeoPackage  KML  --- No Output ---'  using regular expression

2020-09-10 15:00:05 - [TEST_STEP][PASSED] - selectOptionByLabel(findTestObject("Page_Map  GRiD/select_OpenFlight  Collada  KMZ  GLB  FBX  _469f7c"), findTestData("FG3D Test Data").getValue("id_geoint_models", row), true): All options with label 'OpenFlight' are selected in object 'Object Repository/Page_Map  GRiD/select_OpenFlight  Collada  KMZ  GLB  FBX  _469f7c'  using regular expression

2020-09-10 15:00:06 - [MESSAGE][PASSED] - All options with label 'OpenFlight' are selected in object 'Object Repository/Page_Map  GRiD/select_OpenFlight  Collada  KMZ  GLB  FBX  _469f7c'  using regular expression

2020-09-10 15:00:06 - [TEST_STEP][PASSED] - click(findTestObject("Page_Map  GRiD/button_Finish")): Object: 'Object Repository/Page_Map  GRiD/button_Finish' is clicked on

2020-09-10 15:00:06 - [MESSAGE][PASSED] - Object: 'Object Repository/Page_Map  GRiD/button_Finish' is clicked on

2020-09-10 15:00:06 - [TEST_STEP][PASSED] - click(findTestObject("Object Repository/Page_FG3D  GRiD/button_AOI Options")): Object: 'Object Repository/Page_FG3D  GRiD/button_AOI Options' is clicked on

2020-09-10 15:00:21 - [MESSAGE][PASSED] - Object: 'Object Repository/Page_FG3D  GRiD/button_AOI Options' is clicked on

2020-09-10 15:00:21 - [TEST_STEP][PASSED] - click(findTestObject("Object Repository/Page_FG3D  GRiD/a_View on map")): Object: 'Object Repository/Page_FG3D  GRiD/a_View on map' is clicked on

2020-09-10 15:00:21 - [MESSAGE][PASSED] - Object: 'Object Repository/Page_FG3D  GRiD/a_View on map' is clicked on

2020-09-10 15:00:21 - [TEST_STEP][PASSED] - switchToWindowTitle("Map – GRiD"): Switched to window with title: 'Map – GRiD'

2020-09-10 15:00:25 - [MESSAGE][PASSED] - Switched to window with title: 'Map – GRiD'

2020-09-10 15:00:25 - [TEST_STEP][PASSED] - click(findTestObject("Page_Map  GRiD/input_Selection area or layers have been mo_90fb99")): Object: 'Object Repository/Page_Map  GRiD/input_Selection area or layers have been mo_90fb99' is clicked on

2020-09-10 15:00:40 - [MESSAGE][PASSED] - Object: 'Object Repository/Page_Map  GRiD/input_Selection area or layers have been mo_90fb99' is clicked on

2020-09-10 15:00:40 - [TEST_STEP][PASSED] - click(findTestObject("Page_Map  GRiD/span_Export")): Object: 'Object Repository/Page_Map  GRiD/span_Export' is clicked on

2020-09-10 15:00:45 - [MESSAGE][PASSED] - Object: 'Object Repository/Page_Map  GRiD/span_Export' is clicked on

2020-09-10 15:00:45 - [TEST_STEP][PASSED] - setText(findTestObject("Page_Map  GRiD/input_Export Name_name"), findTestData("FG3D Test Data").getValue("id_name", row)): Text 'T- FG3D: GeoTiff - GeoTiff - GeoPackage - Collada -1' is set on object 'Object Repository/Page_Map  GRiD/input_Export Name_name'

2020-09-10 15:00:53 - [MESSAGE][PASSED] - Text 'T- FG3D: GeoTiff - GeoTiff - GeoPackage - Collada -1' is set on object 'Object Repository/Page_Map  GRiD/input_Export Name_name'

2020-09-10 15:00:53 - [TEST_STEP][PASSED] - selectOptionByLabel(findTestObject("Page_Map  GRiD/select_GeoTiff  GeoPackage  ERDAS Imagine  --- No Output ---"), findTestData("FG3D Test Data").getValue("id_geoint_imagery", row), true): All options with label 'GeoTiff' are selected in object 'Object Repository/Page_Map  GRiD/select_GeoTiff  GeoPackage  ERDAS Imagine  --- No Output ---'  using regular expression

2020-09-10 15:00:54 - [MESSAGE][PASSED] - All options with label 'GeoTiff' are selected in object 'Object Repository/Page_Map  GRiD/select_GeoTiff  GeoPackage  ERDAS Imagine  --- No Output ---'  using regular expression

2020-09-10 15:00:54 - [TEST_STEP][PASSED] - selectOptionByLabel(findTestObject("Page_Map  GRiD/select_GeoTiff  GeoPackage  DTED  --- No Output ---"), findTestData("FG3D Test Data").getValue("id_geoint_elevation", row), true): All options with label 'GeoTiff' are selected in object 'Object Repository/Page_Map  GRiD/select_GeoTiff  GeoPackage  DTED  --- No Output ---'  using regular expression

2020-09-10 15:00:55 - [MESSAGE][PASSED] - All options with label 'GeoTiff' are selected in object 'Object Repository/Page_Map  GRiD/select_GeoTiff  GeoPackage  DTED  --- No Output ---'  using regular expression

2020-09-10 15:00:55 - [TEST_STEP][PASSED] - selectOptionByLabel(findTestObject("Page_Map  GRiD/select_ESRI Shapefile  GeoPackage  KML  --- No Output ---"), findTestData("FG3D Test Data").getValue("id_geoint_vectors", row), true): All options with label 'GeoPackage' are selected in object 'Object Repository/Page_Map  GRiD/select_ESRI Shapefile  GeoPackage  KML  --- No Output ---'  using regular expression

2020-09-10 15:00:56 - [MESSAGE][PASSED] - All options with label 'GeoPackage' are selected in object 'Object Repository/Page_Map  GRiD/select_ESRI Shapefile  GeoPackage  KML  --- No Output ---'  using regular expression

2020-09-10 15:00:56 - [TEST_STEP][PASSED] - selectOptionByLabel(findTestObject("Page_Map  GRiD/select_OpenFlight  Collada  KMZ  GLB  FBX  _469f7c"), findTestData("FG3D Test Data").getValue("id_geoint_models", row), true): All options with label 'Collada' are selected in object 'Object Repository/Page_Map  GRiD/select_OpenFlight  Collada  KMZ  GLB  FBX  _469f7c'  using regular expression

2020-09-10 15:00:58 - [MESSAGE][PASSED] - All options with label 'Collada' are selected in object 'Object Repository/Page_Map  GRiD/select_OpenFlight  Collada  KMZ  GLB  FBX  _469f7c'  using regular expression

2020-09-10 15:00:58 - [TEST_STEP][PASSED] - click(findTestObject("Page_Map  GRiD/button_Finish")): Object: 'Object Repository/Page_Map  GRiD/button_Finish' is clicked on

2020-09-10 15:00:58 - [MESSAGE][PASSED] - Object: 'Object Repository/Page_Map  GRiD/button_Finish' is clicked on

2020-09-10 15:00:58 - [TEST_STEP][PASSED] - click(findTestObject("Object Repository/Page_FG3D  GRiD/button_AOI Options")): Object: 'Object Repository/Page_FG3D  GRiD/button_AOI Options' is clicked on

2020-09-10 15:01:15 - [MESSAGE][PASSED] - Object: 'Object Repository/Page_FG3D  GRiD/button_AOI Options' is clicked on

2020-09-10 15:01:15 - [TEST_STEP][FAILED] - click(findTestObject("Object Repository/Page_FG3D  GRiD/a_View on map")): Unable to click on object 'Object Repository/Page_FG3D  GRiD/a_View on map' (Root cause: com.kms.katalon.core.exception.StepFailedException: Unable to click on object 'Object Repository/Page_FG3D  GRiD/a_View on map'
	at com.kms.katalon.core.webui.keyword.internal.WebUIKeywordMain.stepFailed(WebUIKeywordMain.groovy:64)
	at com.kms.katalon.core.webui.keyword.internal.WebUIKeywordMain.runKeyword(WebUIKeywordMain.groovy:26)
	at com.kms.katalon.core.webui.keyword.builtin.ClickKeyword.click(ClickKeyword.groovy:76)
	at com.kms.katalon.core.webui.keyword.builtin.ClickKeyword.execute(ClickKeyword.groovy:43)
	at com.kms.katalon.core.keyword.internal.KeywordExecutor.executeKeywordForPlatform(KeywordExecutor.groovy:73)
	at com.kms.katalon.core.webui.keyword.WebUiBuiltInKeywords.click(WebUiBuiltInKeywords.groovy:616)
	at com.kms.katalon.core.webui.keyword.WebUiBuiltInKeywords$click$1.call(Unknown Source)
	at FG3D Test.run(FG3D Test:37)
	at com.kms.katalon.core.main.ScriptEngine.run(ScriptEngine.java:194)
	at com.kms.katalon.core.main.ScriptEngine.runScriptAsRawText(ScriptEngine.java:119)
	at com.kms.katalon.core.main.TestCaseExecutor.runScript(TestCaseExecutor.java:339)
	at com.kms.katalon.core.main.TestCaseExecutor.doExecute(TestCaseExecutor.java:330)
	at com.kms.katalon.core.main.TestCaseExecutor.processExecutionPhase(TestCaseExecutor.java:309)
	at com.kms.katalon.core.main.TestCaseExecutor.accessMainPhase(TestCaseExecutor.java:301)
	at com.kms.katalon.core.main.TestCaseExecutor.execute(TestCaseExecutor.java:235)
	at com.kms.katalon.core.main.TestSuiteExecutor.accessTestCaseMainPhase(TestSuiteExecutor.java:191)
	at com.kms.katalon.core.main.TestSuiteExecutor.accessTestSuiteMainPhase(TestSuiteExecutor.java:141)
	at com.kms.katalon.core.main.TestSuiteExecutor.execute(TestSuiteExecutor.java:90)
	at com.kms.katalon.core.main.TestCaseMain.startTestSuite(TestCaseMain.java:157)
	at com.kms.katalon.core.main.TestCaseMain$startTestSuite$0.call(Unknown Source)
	at TempTestSuite1599764135828.run(TempTestSuite1599764135828.groovy:39)
Caused by: org.openqa.selenium.ElementNotInteractableException: element not interactable
  (Session info: chrome=85.0.4183.102)
Build info: version: '3.141.59', revision: 'e82be7d358', time: '2018-11-14T08:25:53'
System info: host: 'C02YJ0QYJGH7.fios-router.home', ip: 'fe80:0:0:0:8e5:6086:d883:e3f8%en0', os.name: 'Mac OS X', os.arch: 'x86_64', os.version: '10.15.6', java.version: '1.8.0_181'
Driver info: com.kms.katalon.selenium.driver.CChromeDriver
Capabilities {acceptInsecureCerts: false, browserName: chrome, browserVersion: 85.0.4183.102, chrome: {chromedriverVersion: 85.0.4183.87 (cd6713ebf92fa..., userDataDir: /var/folders/mk/mm0g76rn3_g...}, goog:chromeOptions: {debuggerAddress: localhost:59834}, javascriptEnabled: true, networkConnectionEnabled: false, pageLoadStrategy: normal, platform: MAC, platformName: MAC, proxy: Proxy(), setWindowRect: true, strictFileInteractability: false, timeouts: {implicit: 0, pageLoad: 300000, script: 30000}, unhandledPromptBehavior: dismiss and notify, webauthn:virtualAuthenticators: true}
Session ID: ca3a5336397a91bbcde9b123751bbb07
	at org.openqa.selenium.remote.http.W3CHttpResponseCodec.createException(W3CHttpResponseCodec.java:187)
	at org.openqa.selenium.remote.http.W3CHttpResponseCodec.decode(W3CHttpResponseCodec.java:122)
	at org.openqa.selenium.remote.http.W3CHttpResponseCodec.decode(W3CHttpResponseCodec.java:49)
	at org.openqa.selenium.remote.HttpCommandExecutor.execute(HttpCommandExecutor.java:158)
	at org.openqa.selenium.remote.service.DriverCommandExecutor.execute(DriverCommandExecutor.java:83)
	at org.openqa.selenium.remote.RemoteWebDriver.execute(RemoteWebDriver.java:552)
	at com.kms.katalon.selenium.driver.CChromeDriver.execute(CChromeDriver.java:19)
	at org.openqa.selenium.remote.RemoteWebElement.execute(RemoteWebElement.java:285)
	at org.openqa.selenium.remote.RemoteWebElement.click(RemoteWebElement.java:84)
	at org.openqa.selenium.support.events.EventFiringWebDriver$EventFiringWebElement.lambda$new$0(EventFiringWebDriver.java:404)
	at com.sun.proxy.$Proxy9.click(Unknown Source)
	at org.openqa.selenium.support.events.EventFiringWebDriver$EventFiringWebElement.click(EventFiringWebDriver.java:417)
	at com.kms.katalon.core.webui.keyword.builtin.ClickKeyword$_click_closure1.doCall(ClickKeyword.groovy:69)
	at com.kms.katalon.core.webui.keyword.builtin.ClickKeyword$_click_closure1.call(ClickKeyword.groovy)
	at com.kms.katalon.core.webui.keyword.internal.WebUIKeywordMain.runKeyword(WebUIKeywordMain.groovy:20)
	at com.kms.katalon.core.webui.keyword.builtin.ClickKeyword.click(ClickKeyword.groovy:76)
	at com.kms.katalon.core.webui.keyword.builtin.ClickKeyword.execute(ClickKeyword.groovy:43)
	at com.kms.katalon.core.keyword.internal.KeywordExecutor.executeKeywordForPlatform(KeywordExecutor.groovy:73)
	at com.kms.katalon.core.webui.keyword.WebUiBuiltInKeywords.click(WebUiBuiltInKeywords.groovy:616)
	at com.kms.katalon.core.webui.keyword.WebUiBuiltInKeywords$click$1.call(Unknown Source)
	at Script1596659605283.run(Script1596659605283.groovy:37)
	... 13 more
)

2020-09-10 15:01:17 - [MESSAGE][FAILED] - Unable to click on object 'Object Repository/Page_FG3D  GRiD/a_View on map' (Root cause: com.kms.katalon.core.exception.StepFailedException: Unable to click on object 'Object Repository/Page_FG3D  GRiD/a_View on map'
	at com.kms.katalon.core.webui.keyword.internal.WebUIKeywordMain.stepFailed(WebUIKeywordMain.groovy:64)
	at com.kms.katalon.core.webui.keyword.internal.WebUIKeywordMain.runKeyword(WebUIKeywordMain.groovy:26)
	at com.kms.katalon.core.webui.keyword.builtin.ClickKeyword.click(ClickKeyword.groovy:76)
	at com.kms.katalon.core.webui.keyword.builtin.ClickKeyword.execute(ClickKeyword.groovy:43)
	at com.kms.katalon.core.keyword.internal.KeywordExecutor.executeKeywordForPlatform(KeywordExecutor.groovy:73)
	at com.kms.katalon.core.webui.keyword.WebUiBuiltInKeywords.click(WebUiBuiltInKeywords.groovy:616)
	at com.kms.katalon.core.webui.keyword.WebUiBuiltInKeywords$click$1.call(Unknown Source)
	at FG3D Test.run(FG3D Test:37)
	at com.kms.katalon.core.main.ScriptEngine.run(ScriptEngine.java:194)
	at com.kms.katalon.core.main.ScriptEngine.runScriptAsRawText(ScriptEngine.java:119)
	at com.kms.katalon.core.main.TestCaseExecutor.runScript(TestCaseExecutor.java:339)
	at com.kms.katalon.core.main.TestCaseExecutor.doExecute(TestCaseExecutor.java:330)
	at com.kms.katalon.core.main.TestCaseExecutor.processExecutionPhase(TestCaseExecutor.java:309)
	at com.kms.katalon.core.main.TestCaseExecutor.accessMainPhase(TestCaseExecutor.java:301)
	at com.kms.katalon.core.main.TestCaseExecutor.execute(TestCaseExecutor.java:235)
	at com.kms.katalon.core.main.TestSuiteExecutor.accessTestCaseMainPhase(TestSuiteExecutor.java:191)
	at com.kms.katalon.core.main.TestSuiteExecutor.accessTestSuiteMainPhase(TestSuiteExecutor.java:141)
	at com.kms.katalon.core.main.TestSuiteExecutor.execute(TestSuiteExecutor.java:90)
	at com.kms.katalon.core.main.TestCaseMain.startTestSuite(TestCaseMain.java:157)
	at com.kms.katalon.core.main.TestCaseMain$startTestSuite$0.call(Unknown Source)
	at TempTestSuite1599764135828.run(TempTestSuite1599764135828.groovy:39)
Caused by: org.openqa.selenium.ElementNotInteractableException: element not interactable
  (Session info: chrome=85.0.4183.102)
Build info: version: '3.141.59', revision: 'e82be7d358', time: '2018-11-14T08:25:53'
System info: host: 'C02YJ0QYJGH7.fios-router.home', ip: 'fe80:0:0:0:8e5:6086:d883:e3f8%en0', os.name: 'Mac OS X', os.arch: 'x86_64', os.version: '10.15.6', java.version: '1.8.0_181'
Driver info: com.kms.katalon.selenium.driver.CChromeDriver
Capabilities {acceptInsecureCerts: false, browserName: chrome, browserVersion: 85.0.4183.102, chrome: {chromedriverVersion: 85.0.4183.87 (cd6713ebf92fa..., userDataDir: /var/folders/mk/mm0g76rn3_g...}, goog:chromeOptions: {debuggerAddress: localhost:59834}, javascriptEnabled: true, networkConnectionEnabled: false, pageLoadStrategy: normal, platform: MAC, platformName: MAC, proxy: Proxy(), setWindowRect: true, strictFileInteractability: false, timeouts: {implicit: 0, pageLoad: 300000, script: 30000}, unhandledPromptBehavior: dismiss and notify, webauthn:virtualAuthenticators: true}
Session ID: ca3a5336397a91bbcde9b123751bbb07
	at org.openqa.selenium.remote.http.W3CHttpResponseCodec.createException(W3CHttpResponseCodec.java:187)
	at org.openqa.selenium.remote.http.W3CHttpResponseCodec.decode(W3CHttpResponseCodec.java:122)
	at org.openqa.selenium.remote.http.W3CHttpResponseCodec.decode(W3CHttpResponseCodec.java:49)
	at org.openqa.selenium.remote.HttpCommandExecutor.execute(HttpCommandExecutor.java:158)
	at org.openqa.selenium.remote.service.DriverCommandExecutor.execute(DriverCommandExecutor.java:83)
	at org.openqa.selenium.remote.RemoteWebDriver.execute(RemoteWebDriver.java:552)
	at com.kms.katalon.selenium.driver.CChromeDriver.execute(CChromeDriver.java:19)
	at org.openqa.selenium.remote.RemoteWebElement.execute(RemoteWebElement.java:285)
	at org.openqa.selenium.remote.RemoteWebElement.click(RemoteWebElement.java:84)
	at org.openqa.selenium.support.events.EventFiringWebDriver$EventFiringWebElement.lambda$new$0(EventFiringWebDriver.java:404)
	at com.sun.proxy.$Proxy9.click(Unknown Source)
	at org.openqa.selenium.support.events.EventFiringWebDriver$EventFiringWebElement.click(EventFiringWebDriver.java:417)
	at com.kms.katalon.core.webui.keyword.builtin.ClickKeyword$_click_closure1.doCall(ClickKeyword.groovy:69)
	at com.kms.katalon.core.webui.keyword.builtin.ClickKeyword$_click_closure1.call(ClickKeyword.groovy)
	at com.kms.katalon.core.webui.keyword.internal.WebUIKeywordMain.runKeyword(WebUIKeywordMain.groovy:20)
	at com.kms.katalon.core.webui.keyword.builtin.ClickKeyword.click(ClickKeyword.groovy:76)
	at com.kms.katalon.core.webui.keyword.builtin.ClickKeyword.execute(ClickKeyword.groovy:43)
	at com.kms.katalon.core.keyword.internal.KeywordExecutor.executeKeywordForPlatform(KeywordExecutor.groovy:73)
	at com.kms.katalon.core.webui.keyword.WebUiBuiltInKeywords.click(WebUiBuiltInKeywords.groovy:616)
	at com.kms.katalon.core.webui.keyword.WebUiBuiltInKeywords$click$1.call(Unknown Source)
	at Script1596659605283.run(Script1596659605283.groovy:37)
	... 13 more
)
[[ATTACHMENT|/Users/bhavikpatel/Downloads/Projects/CRREL/GRiD/Automation Testing/Automation Testing Project/KatalonTesting/Reports/20200910_145535/GRiD Login/20200910_145535/1599764477254.png]]]]></system-out>
         <system-err><![CDATA[2020-09-10 14:55:39 - [TEST_CASE][FAILED] - Test Cases/FG3D Test: Test Cases/FG3D Test FAILED.
Reason:
com.kms.katalon.core.exception.StepFailedException: Unable to click on object 'Object Repository/Page_FG3D  GRiD/a_View on map'
	at com.kms.katalon.core.webui.keyword.internal.WebUIKeywordMain.stepFailed(WebUIKeywordMain.groovy:64)
	at com.kms.katalon.core.webui.keyword.internal.WebUIKeywordMain.runKeyword(WebUIKeywordMain.groovy:26)
	at com.kms.katalon.core.webui.keyword.builtin.ClickKeyword.click(ClickKeyword.groovy:76)
	at com.kms.katalon.core.webui.keyword.builtin.ClickKeyword.execute(ClickKeyword.groovy:43)
	at com.kms.katalon.core.keyword.internal.KeywordExecutor.executeKeywordForPlatform(KeywordExecutor.groovy:73)
	at com.kms.katalon.core.webui.keyword.WebUiBuiltInKeywords.click(WebUiBuiltInKeywords.groovy:616)
	at com.kms.katalon.core.webui.keyword.WebUiBuiltInKeywords$click$1.call(Unknown Source)
	at FG3D Test.run(FG3D Test:37)
	at com.kms.katalon.core.main.ScriptEngine.run(ScriptEngine.java:194)
	at com.kms.katalon.core.main.ScriptEngine.runScriptAsRawText(ScriptEngine.java:119)
	at com.kms.katalon.core.main.TestCaseExecutor.runScript(TestCaseExecutor.java:339)
	at com.kms.katalon.core.main.TestCaseExecutor.doExecute(TestCaseExecutor.java:330)
	at com.kms.katalon.core.main.TestCaseExecutor.processExecutionPhase(TestCaseExecutor.java:309)
	at com.kms.katalon.core.main.TestCaseExecutor.accessMainPhase(TestCaseExecutor.java:301)
	at com.kms.katalon.core.main.TestCaseExecutor.execute(TestCaseExecutor.java:235)
	at com.kms.katalon.core.main.TestSuiteExecutor.accessTestCaseMainPhase(TestSuiteExecutor.java:191)
	at com.kms.katalon.core.main.TestSuiteExecutor.accessTestSuiteMainPhase(TestSuiteExecutor.java:141)
	at com.kms.katalon.core.main.TestSuiteExecutor.execute(TestSuiteExecutor.java:90)
	at com.kms.katalon.core.main.TestCaseMain.startTestSuite(TestCaseMain.java:157)
	at com.kms.katalon.core.main.TestCaseMain$startTestSuite$0.call(Unknown Source)
	at TempTestSuite1599764135828.run(TempTestSuite1599764135828.groovy:39)
Caused by: org.openqa.selenium.ElementNotInteractableException: element not interactable
  (Session info: chrome=85.0.4183.102)
Build info: version: '3.141.59', revision: 'e82be7d358', time: '2018-11-14T08:25:53'
System info: host: 'C02YJ0QYJGH7.fios-router.home', ip: 'fe80:0:0:0:8e5:6086:d883:e3f8%en0', os.name: 'Mac OS X', os.arch: 'x86_64', os.version: '10.15.6', java.version: '1.8.0_181'
Driver info: com.kms.katalon.selenium.driver.CChromeDriver
Capabilities {acceptInsecureCerts: false, browserName: chrome, browserVersion: 85.0.4183.102, chrome: {chromedriverVersion: 85.0.4183.87 (cd6713ebf92fa..., userDataDir: /var/folders/mk/mm0g76rn3_g...}, goog:chromeOptions: {debuggerAddress: localhost:59834}, javascriptEnabled: true, networkConnectionEnabled: false, pageLoadStrategy: normal, platform: MAC, platformName: MAC, proxy: Proxy(), setWindowRect: true, strictFileInteractability: false, timeouts: {implicit: 0, pageLoad: 300000, script: 30000}, unhandledPromptBehavior: dismiss and notify, webauthn:virtualAuthenticators: true}
Session ID: ca3a5336397a91bbcde9b123751bbb07
	at org.openqa.selenium.remote.http.W3CHttpResponseCodec.createException(W3CHttpResponseCodec.java:187)
	at org.openqa.selenium.remote.http.W3CHttpResponseCodec.decode(W3CHttpResponseCodec.java:122)
	at org.openqa.selenium.remote.http.W3CHttpResponseCodec.decode(W3CHttpResponseCodec.java:49)
	at org.openqa.selenium.remote.HttpCommandExecutor.execute(HttpCommandExecutor.java:158)
	at org.openqa.selenium.remote.service.DriverCommandExecutor.execute(DriverCommandExecutor.java:83)
	at org.openqa.selenium.remote.RemoteWebDriver.execute(RemoteWebDriver.java:552)
	at com.kms.katalon.selenium.driver.CChromeDriver.execute(CChromeDriver.java:19)
	at org.openqa.selenium.remote.RemoteWebElement.execute(RemoteWebElement.java:285)
	at org.openqa.selenium.remote.RemoteWebElement.click(RemoteWebElement.java:84)
	at org.openqa.selenium.support.events.EventFiringWebDriver$EventFiringWebElement.lambda$new$0(EventFiringWebDriver.java:404)
	at com.sun.proxy.$Proxy9.click(Unknown Source)
	at org.openqa.selenium.support.events.EventFiringWebDriver$EventFiringWebElement.click(EventFiringWebDriver.java:417)
	at com.kms.katalon.core.webui.keyword.builtin.ClickKeyword$_click_closure1.doCall(ClickKeyword.groovy:69)
	at com.kms.katalon.core.webui.keyword.builtin.ClickKeyword$_click_closure1.call(ClickKeyword.groovy)
	at com.kms.katalon.core.webui.keyword.internal.WebUIKeywordMain.runKeyword(WebUIKeywordMain.groovy:20)
	... 19 more]]></system-err>
      </testcase>
      <system-out><![CDATA[2020-09-10 14:55:39 - [TEST_SUITE][FAILED] - GRiD Login: Test Cases/FG3D Test FAILED.
Reason:
com.kms.katalon.core.exception.StepFailedException: Unable to click on object 'Object Repository/Page_FG3D  GRiD/a_View on map'
	at com.kms.katalon.core.webui.keyword.internal.WebUIKeywordMain.stepFailed(WebUIKeywordMain.groovy:64)
	at com.kms.katalon.core.webui.keyword.internal.WebUIKeywordMain.runKeyword(WebUIKeywordMain.groovy:26)
	at com.kms.katalon.core.webui.keyword.builtin.ClickKeyword.click(ClickKeyword.groovy:76)
	at com.kms.katalon.core.webui.keyword.builtin.ClickKeyword.execute(ClickKeyword.groovy:43)
	at com.kms.katalon.core.keyword.internal.KeywordExecutor.executeKeywordForPlatform(KeywordExecutor.groovy:73)
	at com.kms.katalon.core.webui.keyword.WebUiBuiltInKeywords.click(WebUiBuiltInKeywords.groovy:616)
	at com.kms.katalon.core.webui.keyword.WebUiBuiltInKeywords$click$1.call(Unknown Source)
	at FG3D Test.run(FG3D Test:37)
	at com.kms.katalon.core.main.ScriptEngine.run(ScriptEngine.java:194)
	at com.kms.katalon.core.main.ScriptEngine.runScriptAsRawText(ScriptEngine.java:119)
	at com.kms.katalon.core.main.TestCaseExecutor.runScript(TestCaseExecutor.java:339)
	at com.kms.katalon.core.main.TestCaseExecutor.doExecute(TestCaseExecutor.java:330)
	at com.kms.katalon.core.main.TestCaseExecutor.processExecutionPhase(TestCaseExecutor.java:309)
	at com.kms.katalon.core.main.TestCaseExecutor.accessMainPhase(TestCaseExecutor.java:301)
	at com.kms.katalon.core.main.TestCaseExecutor.execute(TestCaseExecutor.java:235)
	at com.kms.katalon.core.main.TestSuiteExecutor.accessTestCaseMainPhase(TestSuiteExecutor.java:191)
	at com.kms.katalon.core.main.TestSuiteExecutor.accessTestSuiteMainPhase(TestSuiteExecutor.java:141)
	at com.kms.katalon.core.main.TestSuiteExecutor.execute(TestSuiteExecutor.java:90)
	at com.kms.katalon.core.main.TestCaseMain.startTestSuite(TestCaseMain.java:157)
	at com.kms.katalon.core.main.TestCaseMain$startTestSuite$0.call(Unknown Source)
	at TempTestSuite1599764135828.run(TempTestSuite1599764135828.groovy:39)
Caused by: org.openqa.selenium.ElementNotInteractableException: element not interactable
  (Session info: chrome=85.0.4183.102)
Build info: version: '3.141.59', revision: 'e82be7d358', time: '2018-11-14T08:25:53'
System info: host: 'C02YJ0QYJGH7.fios-router.home', ip: 'fe80:0:0:0:8e5:6086:d883:e3f8%en0', os.name: 'Mac OS X', os.arch: 'x86_64', os.version: '10.15.6', java.version: '1.8.0_181'
Driver info: com.kms.katalon.selenium.driver.CChromeDriver
Capabilities {acceptInsecureCerts: false, browserName: chrome, browserVersion: 85.0.4183.102, chrome: {chromedriverVersion: 85.0.4183.87 (cd6713ebf92fa..., userDataDir: /var/folders/mk/mm0g76rn3_g...}, goog:chromeOptions: {debuggerAddress: localhost:59834}, javascriptEnabled: true, networkConnectionEnabled: false, pageLoadStrategy: normal, platform: MAC, platformName: MAC, proxy: Proxy(), setWindowRect: true, strictFileInteractability: false, timeouts: {implicit: 0, pageLoad: 300000, script: 30000}, unhandledPromptBehavior: dismiss and notify, webauthn:virtualAuthenticators: true}
Session ID: ca3a5336397a91bbcde9b123751bbb07
	at org.openqa.selenium.remote.http.W3CHttpResponseCodec.createException(W3CHttpResponseCodec.java:187)
	at org.openqa.selenium.remote.http.W3CHttpResponseCodec.decode(W3CHttpResponseCodec.java:122)
	at org.openqa.selenium.remote.http.W3CHttpResponseCodec.decode(W3CHttpResponseCodec.java:49)
	at org.openqa.selenium.remote.HttpCommandExecutor.execute(HttpCommandExecutor.java:158)
	at org.openqa.selenium.remote.service.DriverCommandExecutor.execute(DriverCommandExecutor.java:83)
	at org.openqa.selenium.remote.RemoteWebDriver.execute(RemoteWebDriver.java:552)
	at com.kms.katalon.selenium.driver.CChromeDriver.execute(CChromeDriver.java:19)
	at org.openqa.selenium.remote.RemoteWebElement.execute(RemoteWebElement.java:285)
	at org.openqa.selenium.remote.RemoteWebElement.click(RemoteWebElement.java:84)
	at org.openqa.selenium.support.events.EventFiringWebDriver$EventFiringWebElement.lambda$new$0(EventFiringWebDriver.java:404)
	at com.sun.proxy.$Proxy9.click(Unknown Source)
	at org.openqa.selenium.support.events.EventFiringWebDriver$EventFiringWebElement.click(EventFiringWebDriver.java:417)
	at com.kms.katalon.core.webui.keyword.builtin.ClickKeyword$_click_closure1.doCall(ClickKeyword.groovy:69)
	at com.kms.katalon.core.webui.keyword.builtin.ClickKeyword$_click_closure1.call(ClickKeyword.groovy)
	at com.kms.katalon.core.webui.keyword.internal.WebUIKeywordMain.runKeyword(WebUIKeywordMain.groovy:20)
	... 19 more]]></system-out>
      <system-err><![CDATA[2020-09-10 14:55:39 - [TEST_SUITE][FAILED] - GRiD Login: Test Cases/FG3D Test FAILED.
Reason:
com.kms.katalon.core.exception.StepFailedException: Unable to click on object 'Object Repository/Page_FG3D  GRiD/a_View on map'
	at com.kms.katalon.core.webui.keyword.internal.WebUIKeywordMain.stepFailed(WebUIKeywordMain.groovy:64)
	at com.kms.katalon.core.webui.keyword.internal.WebUIKeywordMain.runKeyword(WebUIKeywordMain.groovy:26)
	at com.kms.katalon.core.webui.keyword.builtin.ClickKeyword.click(ClickKeyword.groovy:76)
	at com.kms.katalon.core.webui.keyword.builtin.ClickKeyword.execute(ClickKeyword.groovy:43)
	at com.kms.katalon.core.keyword.internal.KeywordExecutor.executeKeywordForPlatform(KeywordExecutor.groovy:73)
	at com.kms.katalon.core.webui.keyword.WebUiBuiltInKeywords.click(WebUiBuiltInKeywords.groovy:616)
	at com.kms.katalon.core.webui.keyword.WebUiBuiltInKeywords$click$1.call(Unknown Source)
	at FG3D Test.run(FG3D Test:37)
	at com.kms.katalon.core.main.ScriptEngine.run(ScriptEngine.java:194)
	at com.kms.katalon.core.main.ScriptEngine.runScriptAsRawText(ScriptEngine.java:119)
	at com.kms.katalon.core.main.TestCaseExecutor.runScript(TestCaseExecutor.java:339)
	at com.kms.katalon.core.main.TestCaseExecutor.doExecute(TestCaseExecutor.java:330)
	at com.kms.katalon.core.main.TestCaseExecutor.processExecutionPhase(TestCaseExecutor.java:309)
	at com.kms.katalon.core.main.TestCaseExecutor.accessMainPhase(TestCaseExecutor.java:301)
	at com.kms.katalon.core.main.TestCaseExecutor.execute(TestCaseExecutor.java:235)
	at com.kms.katalon.core.main.TestSuiteExecutor.accessTestCaseMainPhase(TestSuiteExecutor.java:191)
	at com.kms.katalon.core.main.TestSuiteExecutor.accessTestSuiteMainPhase(TestSuiteExecutor.java:141)
	at com.kms.katalon.core.main.TestSuiteExecutor.execute(TestSuiteExecutor.java:90)
	at com.kms.katalon.core.main.TestCaseMain.startTestSuite(TestCaseMain.java:157)
	at com.kms.katalon.core.main.TestCaseMain$startTestSuite$0.call(Unknown Source)
	at TempTestSuite1599764135828.run(TempTestSuite1599764135828.groovy:39)
Caused by: org.openqa.selenium.ElementNotInteractableException: element not interactable
  (Session info: chrome=85.0.4183.102)
Build info: version: '3.141.59', revision: 'e82be7d358', time: '2018-11-14T08:25:53'
System info: host: 'C02YJ0QYJGH7.fios-router.home', ip: 'fe80:0:0:0:8e5:6086:d883:e3f8%en0', os.name: 'Mac OS X', os.arch: 'x86_64', os.version: '10.15.6', java.version: '1.8.0_181'
Driver info: com.kms.katalon.selenium.driver.CChromeDriver
Capabilities {acceptInsecureCerts: false, browserName: chrome, browserVersion: 85.0.4183.102, chrome: {chromedriverVersion: 85.0.4183.87 (cd6713ebf92fa..., userDataDir: /var/folders/mk/mm0g76rn3_g...}, goog:chromeOptions: {debuggerAddress: localhost:59834}, javascriptEnabled: true, networkConnectionEnabled: false, pageLoadStrategy: normal, platform: MAC, platformName: MAC, proxy: Proxy(), setWindowRect: true, strictFileInteractability: false, timeouts: {implicit: 0, pageLoad: 300000, script: 30000}, unhandledPromptBehavior: dismiss and notify, webauthn:virtualAuthenticators: true}
Session ID: ca3a5336397a91bbcde9b123751bbb07
	at org.openqa.selenium.remote.http.W3CHttpResponseCodec.createException(W3CHttpResponseCodec.java:187)
	at org.openqa.selenium.remote.http.W3CHttpResponseCodec.decode(W3CHttpResponseCodec.java:122)
	at org.openqa.selenium.remote.http.W3CHttpResponseCodec.decode(W3CHttpResponseCodec.java:49)
	at org.openqa.selenium.remote.HttpCommandExecutor.execute(HttpCommandExecutor.java:158)
	at org.openqa.selenium.remote.service.DriverCommandExecutor.execute(DriverCommandExecutor.java:83)
	at org.openqa.selenium.remote.RemoteWebDriver.execute(RemoteWebDriver.java:552)
	at com.kms.katalon.selenium.driver.CChromeDriver.execute(CChromeDriver.java:19)
	at org.openqa.selenium.remote.RemoteWebElement.execute(RemoteWebElement.java:285)
	at org.openqa.selenium.remote.RemoteWebElement.click(RemoteWebElement.java:84)
	at org.openqa.selenium.support.events.EventFiringWebDriver$EventFiringWebElement.lambda$new$0(EventFiringWebDriver.java:404)
	at com.sun.proxy.$Proxy9.click(Unknown Source)
	at org.openqa.selenium.support.events.EventFiringWebDriver$EventFiringWebElement.click(EventFiringWebDriver.java:417)
	at com.kms.katalon.core.webui.keyword.builtin.ClickKeyword$_click_closure1.doCall(ClickKeyword.groovy:69)
	at com.kms.katalon.core.webui.keyword.builtin.ClickKeyword$_click_closure1.call(ClickKeyword.groovy)
	at com.kms.katalon.core.webui.keyword.internal.WebUIKeywordMain.runKeyword(WebUIKeywordMain.groovy:20)
	... 19 more]]></system-err>
   </testsuite>
</testsuites>
