<?xml version="1.0" encoding="UTF-8"?>
<testsuites name="GRiD Login" time="148.244" tests="2" failures="1" errors="0">
   <testsuite name="GRiD Login" tests="2" failures="1" errors="0" time="148.244" timestamp="2020-07-01 12:43:12" hostname="bhavikpatel - c02yj0qyjgh7.lan" id="Test Suites/GRiD Login">
      <properties>
         <property name="deviceName" value=""/>
         <property name="devicePlatform" value=""/>
         <property name="logFolder" value="/Users/bhavikpatel/Katalon Studio/GRiD UI Automation/Reports/20200701_124309/GRiD Login/20200701_124309"/>
         <property name="logFiles" value="/Users/bhavikpatel/Katalon Studio/GRiD UI Automation/Reports/20200701_124309/GRiD Login/20200701_124309/execution0.log"/>
         <property name="attachments" value="/Users/bhavikpatel/Katalon Studio/GRiD UI Automation/Reports/20200701_124309/GRiD Login/20200701_124309/1593621938800.png"/>
         <property name="hostName" value="bhavikpatel - c02yj0qyjgh7.lan"/>
         <property name="os" value="Mac OS X 64bit"/>
         <property name="katalonVersion" value="7.5.5.1"/>
         <property name="browser" value="Chrome 83.0.4103.116"/>
         <property name="hostAddress" value="192.168.86.130"/>
         <property name="sessionId" value="a1019bd8485fb14f6765e67f9ba108d9"/>
         <property name="seleniumVersion" value="3.141.59"/>
         <property name="proxyInformation" value="ProxyInformation { proxyOption=NO_PROXY, proxyServerType=HTTP, username=, password=********, proxyServerAddress=, proxyServerPort=0, executionList=\&quot;\&quot;, isApplyToDesiredCapabilities=true }"/>
         <property name="platform" value="Mac OS X"/>
      </properties>
      <testcase name="Test Cases/Login with GEOAxIS" time="28.382" classname="Test Cases/Login with GEOAxIS" status="PASSED">
         <system-out><![CDATA[2020-07-01 12:43:12 - [TEST_CASE][PASSED] - Test Cases/Login with GEOAxIS: Test Cases/Login with GEOAxIS

2020-07-01 12:43:12 - [TEST_STEP][PASSED] - openBrowser(""): Browser is opened with url: ''

2020-07-01 12:43:13 - [MESSAGE][INFO] - Starting 'Chrome' driver

2020-07-01 12:43:13 - [MESSAGE][INFO] - Action delay is set to 0 milliseconds

2020-07-01 12:43:14 - [MESSAGE][PASSED] - Browser is opened with url: ''

2020-07-01 12:43:14 - [TEST_STEP][PASSED] - navigateToUrl("https://grid.nga.mil/grid/"): Navigate to 'https://grid.nga.mil/grid/' successfully

2020-07-01 12:43:16 - [MESSAGE][PASSED] - Navigate to 'https://grid.nga.mil/grid/' successfully

2020-07-01 12:43:16 - [TEST_STEP][PASSED] - click(findTestObject("Object Repository/Page_Home  GRiD/a_GEOAxIS")): Object: 'Object Repository/Page_Home  GRiD/a_GEOAxIS' is clicked on

2020-07-01 12:43:21 - [MESSAGE][PASSED] - Object: 'Object Repository/Page_Home  GRiD/a_GEOAxIS' is clicked on

2020-07-01 12:43:21 - [TEST_STEP][PASSED] - click(findTestObject("Page_GEOAxIS/a_PKI Certificate")): Object: 'Object Repository/Page_GEOAxIS/a_PKI Certificate' is clicked on

2020-07-01 12:43:22 - [MESSAGE][PASSED] - Object: 'Object Repository/Page_GEOAxIS/a_PKI Certificate' is clicked on

2020-07-01 12:43:22 - [TEST_STEP][PASSED] - click(findTestObject("Page_GEOAxIS/span_Click here to continue")): Object: 'Object Repository/Page_GEOAxIS/span_Click here to continue' is clicked on

2020-07-01 12:43:33 - [MESSAGE][PASSED] - Object: 'Object Repository/Page_GEOAxIS/span_Click here to continue' is clicked on

2020-07-01 12:43:33 - [TEST_STEP][PASSED] - verifyTextPresent("How do I use GRiD?", false): Text 'How do I use GRiD?' is present on page 

2020-07-01 12:43:33 - [MESSAGE][PASSED] - Text 'How do I use GRiD?' is present on page 

2020-07-01 12:43:33 - [TEST_STEP][PASSED] - verifyElementPresent(findTestObject("Object Repository/Page_Home  GRiD/a_Settings bhavikpatel"), 0): Object 'Object Repository/Page_Home  GRiD/a_Settings bhavikpatel' is present

2020-07-01 12:43:33 - [MESSAGE][WARNING] - Timeout '0' is invalid. Using default page load timeout: '30'

2020-07-01 12:43:33 - [MESSAGE][PASSED] - Object 'Object Repository/Page_Home  GRiD/a_Settings bhavikpatel' is present

2020-07-01 12:43:33 - [TEST_STEP][PASSED] - click(findTestObject("Object Repository/Page_Home  GRiD/a_Settings bhavikpatel")): Object: 'Object Repository/Page_Home  GRiD/a_Settings bhavikpatel' is clicked on

2020-07-01 12:43:34 - [MESSAGE][PASSED] - Object: 'Object Repository/Page_Home  GRiD/a_Settings bhavikpatel' is clicked on

2020-07-01 12:43:34 - [TEST_STEP][PASSED] - click(findTestObject("Object Repository/Page_Home  GRiD/a_Account settings")): Object: 'Object Repository/Page_Home  GRiD/a_Account settings' is clicked on

2020-07-01 12:43:35 - [MESSAGE][PASSED] - Object: 'Object Repository/Page_Home  GRiD/a_Account settings' is clicked on

2020-07-01 12:43:35 - [TEST_STEP][PASSED] - click(findTestObject("Object Repository/Page_Account Settings  GRiD/a_Change Email")): Object: 'Object Repository/Page_Account Settings  GRiD/a_Change Email' is clicked on

2020-07-01 12:43:35 - [MESSAGE][PASSED] - Object: 'Object Repository/Page_Account Settings  GRiD/a_Change Email' is clicked on

2020-07-01 12:43:35 - [TEST_STEP][PASSED] - click(findTestObject("Object Repository/Page_Account Settings  GRiD/a_Change Password")): Object: 'Object Repository/Page_Account Settings  GRiD/a_Change Password' is clicked on

2020-07-01 12:43:36 - [MESSAGE][PASSED] - Object: 'Object Repository/Page_Account Settings  GRiD/a_Change Password' is clicked on

2020-07-01 12:43:36 - [TEST_STEP][PASSED] - click(findTestObject("Object Repository/Page_Account Settings  GRiD/div_WARNING When you log in with your usern_0db060")): Object: 'Object Repository/Page_Account Settings  GRiD/div_WARNING When you log in with your usern_0db060' is clicked on

2020-07-01 12:43:37 - [MESSAGE][PASSED] - Object: 'Object Repository/Page_Account Settings  GRiD/div_WARNING When you log in with your usern_0db060' is clicked on

2020-07-01 12:43:37 - [TEST_STEP][PASSED] - click(findTestObject("Object Repository/Page_Account Settings  GRiD/a_Subscriptions")): Object: 'Object Repository/Page_Account Settings  GRiD/a_Subscriptions' is clicked on

2020-07-01 12:43:37 - [MESSAGE][PASSED] - Object: 'Object Repository/Page_Account Settings  GRiD/a_Subscriptions' is clicked on

2020-07-01 12:43:37 - [TEST_STEP][PASSED] - click(findTestObject("Object Repository/Page_Account Settings  GRiD/a_Permissions")): Object: 'Object Repository/Page_Account Settings  GRiD/a_Permissions' is clicked on

2020-07-01 12:43:39 - [MESSAGE][PASSED] - Object: 'Object Repository/Page_Account Settings  GRiD/a_Permissions' is clicked on

2020-07-01 12:43:39 - [TEST_STEP][PASSED] - click(findTestObject("Object Repository/Page_Permission requests  GRiD/a_Data Access Agreements")): Object: 'Object Repository/Page_Permission requests  GRiD/a_Data Access Agreements' is clicked on

2020-07-01 12:43:39 - [MESSAGE][PASSED] - Object: 'Object Repository/Page_Permission requests  GRiD/a_Data Access Agreements' is clicked on

2020-07-01 12:43:39 - [TEST_STEP][PASSED] - click(findTestObject("Object Repository/Page_Data Access Agreements  GRiD/img_Map_brand")): Object: 'Object Repository/Page_Data Access Agreements  GRiD/img_Map_brand' is clicked on

2020-07-01 12:43:40 - [MESSAGE][PASSED] - Object: 'Object Repository/Page_Data Access Agreements  GRiD/img_Map_brand' is clicked on

2020-07-01 12:43:40 - [TEST_STEP][PASSED] - closeBrowser(): Browser is closed

2020-07-01 12:43:40 - [MESSAGE][PASSED] - Browser is closed]]></system-out>
         <system-err><![CDATA[]]></system-err>
      </testcase>
      <testcase name="Test Cases/Export Buckeye PointCloud" time="119.403" classname="Test Cases/Export Buckeye PointCloud" status="FAILED">
         <failure type="FAILED" message="Test Cases/Export Buckeye PointCloud FAILED.
Reason:
com.kms.katalon.core.exception.StepFailedException: Unable to click on object 'Object Repository/Page_Map  GRiD/path'
	at com.kms.katalon.core.webui.keyword.internal.WebUIKeywordMain.stepFailed(WebUIKeywordMain.groovy:64)
	at com.kms.katalon.core.webui.keyword.internal.WebUIKeywordMain.runKeyword(WebUIKeywordMain.groovy:26)
	at com.kms.katalon.core.webui.keyword.builtin.ClickKeyword.click(ClickKeyword.groovy:76)
	at com.kms.katalon.core.webui.keyword.builtin.ClickKeyword.execute(ClickKeyword.groovy:43)
	at com.kms.katalon.core.keyword.internal.KeywordExecutor.executeKeywordForPlatform(KeywordExecutor.groovy:72)
	at com.kms.katalon.core.webui.keyword.WebUiBuiltInKeywords.click(WebUiBuiltInKeywords.groovy:616)
	at com.kms.katalon.core.webui.keyword.WebUiBuiltInKeywords$click$1.call(Unknown Source)
	at Export Buckeye PointCloud.run(Export Buckeye PointCloud:76)
	at com.kms.katalon.core.main.ScriptEngine.run(ScriptEngine.java:194)
	at com.kms.katalon.core.main.ScriptEngine.runScriptAsRawText(ScriptEngine.java:119)
	at com.kms.katalon.core.main.TestCaseExecutor.runScript(TestCaseExecutor.java:337)
	at com.kms.katalon.core.main.TestCaseExecutor.doExecute(TestCaseExecutor.java:328)
	at com.kms.katalon.core.main.TestCaseExecutor.processExecutionPhase(TestCaseExecutor.java:307)
	at com.kms.katalon.core.main.TestCaseExecutor.accessMainPhase(TestCaseExecutor.java:299)
	at com.kms.katalon.core.main.TestCaseExecutor.execute(TestCaseExecutor.java:233)
	at com.kms.katalon.core.main.TestSuiteExecutor.accessTestCaseMainPhase(TestSuiteExecutor.java:169)
	at com.kms.katalon.core.main.TestSuiteExecutor.accessTestSuiteMainPhase(TestSuiteExecutor.java:142)
	at com.kms.katalon.core.main.TestSuiteExecutor.execute(TestSuiteExecutor.java:91)
	at com.kms.katalon.core.main.TestCaseMain.startTestSuite(TestCaseMain.java:157)
	at com.kms.katalon.core.main.TestCaseMain$startTestSuite$0.call(Unknown Source)
	at TempTestSuite1593621789243.run(TempTestSuite1593621789243.groovy:37)
Caused by: com.kms.katalon.core.webui.exception.WebElementNotFoundException: Web element with id: 'Object Repository/Page_Map  GRiD/path' located by 'By.xpath: ' not found
	at com.kms.katalon.core.webui.common.WebUiCommonHelper.findWebElement(WebUiCommonHelper.java:1154)
	at com.kms.katalon.core.webui.keyword.internal.WebUIAbstractKeyword.findWebElement(WebUIAbstractKeyword.groovy:27)
	at com.kms.katalon.core.webui.keyword.internal.WebUIAbstractKeyword.findWebElement(WebUIAbstractKeyword.groovy:26)
	at com.kms.katalon.core.webui.keyword.builtin.ClickKeyword$_click_closure1.doCall(ClickKeyword.groovy:67)
	at com.kms.katalon.core.webui.keyword.builtin.ClickKeyword$_click_closure1.call(ClickKeyword.groovy)
	at com.kms.katalon.core.webui.keyword.internal.WebUIKeywordMain.runKeyword(WebUIKeywordMain.groovy:20)
	... 19 more
"/>
         <system-out><![CDATA[2020-07-01 12:43:40 - [TEST_CASE][FAILED] - Test Cases/Export Buckeye PointCloud: Test Cases/Export Buckeye PointCloud FAILED.
Reason:
com.kms.katalon.core.exception.StepFailedException: Unable to click on object 'Object Repository/Page_Map  GRiD/path'
	at com.kms.katalon.core.webui.keyword.internal.WebUIKeywordMain.stepFailed(WebUIKeywordMain.groovy:64)
	at com.kms.katalon.core.webui.keyword.internal.WebUIKeywordMain.runKeyword(WebUIKeywordMain.groovy:26)
	at com.kms.katalon.core.webui.keyword.builtin.ClickKeyword.click(ClickKeyword.groovy:76)
	at com.kms.katalon.core.webui.keyword.builtin.ClickKeyword.execute(ClickKeyword.groovy:43)
	at com.kms.katalon.core.keyword.internal.KeywordExecutor.executeKeywordForPlatform(KeywordExecutor.groovy:72)
	at com.kms.katalon.core.webui.keyword.WebUiBuiltInKeywords.click(WebUiBuiltInKeywords.groovy:616)
	at com.kms.katalon.core.webui.keyword.WebUiBuiltInKeywords$click$1.call(Unknown Source)
	at Export Buckeye PointCloud.run(Export Buckeye PointCloud:76)
	at com.kms.katalon.core.main.ScriptEngine.run(ScriptEngine.java:194)
	at com.kms.katalon.core.main.ScriptEngine.runScriptAsRawText(ScriptEngine.java:119)
	at com.kms.katalon.core.main.TestCaseExecutor.runScript(TestCaseExecutor.java:337)
	at com.kms.katalon.core.main.TestCaseExecutor.doExecute(TestCaseExecutor.java:328)
	at com.kms.katalon.core.main.TestCaseExecutor.processExecutionPhase(TestCaseExecutor.java:307)
	at com.kms.katalon.core.main.TestCaseExecutor.accessMainPhase(TestCaseExecutor.java:299)
	at com.kms.katalon.core.main.TestCaseExecutor.execute(TestCaseExecutor.java:233)
	at com.kms.katalon.core.main.TestSuiteExecutor.accessTestCaseMainPhase(TestSuiteExecutor.java:169)
	at com.kms.katalon.core.main.TestSuiteExecutor.accessTestSuiteMainPhase(TestSuiteExecutor.java:142)
	at com.kms.katalon.core.main.TestSuiteExecutor.execute(TestSuiteExecutor.java:91)
	at com.kms.katalon.core.main.TestCaseMain.startTestSuite(TestCaseMain.java:157)
	at com.kms.katalon.core.main.TestCaseMain$startTestSuite$0.call(Unknown Source)
	at TempTestSuite1593621789243.run(TempTestSuite1593621789243.groovy:37)
Caused by: com.kms.katalon.core.webui.exception.WebElementNotFoundException: Web element with id: 'Object Repository/Page_Map  GRiD/path' located by 'By.xpath: ' not found
	at com.kms.katalon.core.webui.common.WebUiCommonHelper.findWebElement(WebUiCommonHelper.java:1154)
	at com.kms.katalon.core.webui.keyword.internal.WebUIAbstractKeyword.findWebElement(WebUIAbstractKeyword.groovy:27)
	at com.kms.katalon.core.webui.keyword.internal.WebUIAbstractKeyword.findWebElement(WebUIAbstractKeyword.groovy:26)
	at com.kms.katalon.core.webui.keyword.builtin.ClickKeyword$_click_closure1.doCall(ClickKeyword.groovy:67)
	at com.kms.katalon.core.webui.keyword.builtin.ClickKeyword$_click_closure1.call(ClickKeyword.groovy)
	at com.kms.katalon.core.webui.keyword.internal.WebUIKeywordMain.runKeyword(WebUIKeywordMain.groovy:20)
	... 19 more


2020-07-01 12:43:40 - [TEST_STEP][PASSED] - openBrowser(""): Browser is opened with url: ''

2020-07-01 12:43:41 - [MESSAGE][INFO] - Starting 'Chrome' driver

2020-07-01 12:43:41 - [MESSAGE][INFO] - Action delay is set to 0 milliseconds

2020-07-01 12:43:42 - [MESSAGE][PASSED] - Browser is opened with url: ''

2020-07-01 12:43:42 - [TEST_STEP][PASSED] - navigateToUrl("https://grid.nga.mil/grid/"): Navigate to 'https://grid.nga.mil/grid/' successfully

2020-07-01 12:43:43 - [MESSAGE][PASSED] - Navigate to 'https://grid.nga.mil/grid/' successfully

2020-07-01 12:43:43 - [TEST_STEP][PASSED] - click(findTestObject("Page_Home  GRiD/a_GEOAxIS")): Object: 'Object Repository/Page_Home  GRiD/a_GEOAxIS' is clicked on

2020-07-01 12:43:48 - [MESSAGE][PASSED] - Object: 'Object Repository/Page_Home  GRiD/a_GEOAxIS' is clicked on

2020-07-01 12:43:48 - [TEST_STEP][PASSED] - click(findTestObject("Page_GEOAxIS/a_PKI Certificate")): Object: 'Object Repository/Page_GEOAxIS/a_PKI Certificate' is clicked on

2020-07-01 12:43:48 - [MESSAGE][PASSED] - Object: 'Object Repository/Page_GEOAxIS/a_PKI Certificate' is clicked on

2020-07-01 12:43:48 - [TEST_STEP][PASSED] - click(findTestObject("Page_GEOAxIS/span_Click here to continue")): Object: 'Object Repository/Page_GEOAxIS/span_Click here to continue' is clicked on

2020-07-01 12:43:59 - [MESSAGE][PASSED] - Object: 'Object Repository/Page_GEOAxIS/span_Click here to continue' is clicked on

2020-07-01 12:43:59 - [TEST_STEP][PASSED] - click(findTestObject("Object Repository/Page_Home  GRiD/a_Create AOI")): Object: 'Object Repository/Page_Home  GRiD/a_Create AOI' is clicked on

2020-07-01 12:44:00 - [MESSAGE][PASSED] - Object: 'Object Repository/Page_Home  GRiD/a_Create AOI' is clicked on

2020-07-01 12:44:00 - [TEST_STEP][PASSED] - click(findTestObject("Object Repository/Page_Home  GRiD/a_Create From Geo-Coord")): Object: 'Object Repository/Page_Home  GRiD/a_Create From Geo-Coord' is clicked on

2020-07-01 12:44:01 - [MESSAGE][PASSED] - Object: 'Object Repository/Page_Home  GRiD/a_Create From Geo-Coord' is clicked on

2020-07-01 12:44:01 - [TEST_STEP][PASSED] - setText(findTestObject("Object Repository/Page_Create Manual AOI  GRiD/input_Name_name"), "demo2 Auto"): Text 'demo2 Auto' is set on object 'Object Repository/Page_Create Manual AOI  GRiD/input_Name_name'

2020-07-01 12:44:02 - [MESSAGE][PASSED] - Text 'demo2 Auto' is set on object 'Object Repository/Page_Create Manual AOI  GRiD/input_Name_name'

2020-07-01 12:44:02 - [TEST_STEP][PASSED] - click(findTestObject("Object Repository/Page_Create Manual AOI  GRiD/input_Coordinate - Radius_aoi_type")): Object: 'Object Repository/Page_Create Manual AOI  GRiD/input_Coordinate - Radius_aoi_type' is clicked on

2020-07-01 12:44:02 - [MESSAGE][PASSED] - Object: 'Object Repository/Page_Create Manual AOI  GRiD/input_Coordinate - Radius_aoi_type' is clicked on

2020-07-01 12:44:02 - [TEST_STEP][PASSED] - setText(findTestObject("Object Repository/Page_Create Manual AOI  GRiD/input_Buffer (m)_buffer_radius"), "1000"): Text '1000' is set on object 'Object Repository/Page_Create Manual AOI  GRiD/input_Buffer (m)_buffer_radius'

2020-07-01 12:44:03 - [MESSAGE][PASSED] - Text '1000' is set on object 'Object Repository/Page_Create Manual AOI  GRiD/input_Buffer (m)_buffer_radius'

2020-07-01 12:44:03 - [TEST_STEP][PASSED] - setText(findTestObject("Object Repository/Page_Create Manual AOI  GRiD/input_Coordinate(s)_geocoords"), "33SUS2843739565"): Text '33SUS2843739565' is set on object 'Object Repository/Page_Create Manual AOI  GRiD/input_Coordinate(s)_geocoords'

2020-07-01 12:44:04 - [MESSAGE][PASSED] - Text '33SUS2843739565' is set on object 'Object Repository/Page_Create Manual AOI  GRiD/input_Coordinate(s)_geocoords'

2020-07-01 12:44:04 - [TEST_STEP][PASSED] - click(findTestObject("Object Repository/Page_Create Manual AOI  GRiD/input_Cancel_submit-export")): Object: 'Object Repository/Page_Create Manual AOI  GRiD/input_Cancel_submit-export' is clicked on

2020-07-01 12:44:11 - [MESSAGE][PASSED] - Object: 'Object Repository/Page_Create Manual AOI  GRiD/input_Cancel_submit-export' is clicked on

2020-07-01 12:44:11 - [TEST_STEP][PASSED] - click(findTestObject("Object Repository/Page_demo2 Auto  GRiD/a_Export pointcloud data")): Object: 'Object Repository/Page_demo2 Auto  GRiD/a_Export pointcloud data' is clicked on

2020-07-01 12:44:18 - [MESSAGE][PASSED] - Object: 'Object Repository/Page_demo2 Auto  GRiD/a_Export pointcloud data' is clicked on

2020-07-01 12:44:18 - [TEST_STEP][PASSED] - click(findTestObject("Object Repository/Page_demo2 Auto  GRiD/input_BuckEye_library")): Object: 'Object Repository/Page_demo2 Auto  GRiD/input_BuckEye_library' is clicked on

2020-07-01 12:44:19 - [MESSAGE][PASSED] - Object: 'Object Repository/Page_demo2 Auto  GRiD/input_BuckEye_library' is clicked on

2020-07-01 12:44:19 - [TEST_STEP][PASSED] - click(findTestObject("Object Repository/Page_demo2 Auto  GRiD/div_PC 20170629_33S324360 UNCLASSIFIEDFOUO _eabaf5")): Object: 'Object Repository/Page_demo2 Auto  GRiD/div_PC 20170629_33S324360 UNCLASSIFIEDFOUO _eabaf5' is clicked on

2020-07-01 12:44:19 - [MESSAGE][PASSED] - Object: 'Object Repository/Page_demo2 Auto  GRiD/div_PC 20170629_33S324360 UNCLASSIFIEDFOUO _eabaf5' is clicked on

2020-07-01 12:44:19 - [TEST_STEP][PASSED] - setText(findTestObject("Object Repository/Page_demo2 Auto  GRiD/input_Display Name_name"), "buckeye PointCloud Demo 1"): Text 'buckeye PointCloud Demo 1' is set on object 'Object Repository/Page_demo2 Auto  GRiD/input_Display Name_name'

2020-07-01 12:44:21 - [MESSAGE][PASSED] - Text 'buckeye PointCloud Demo 1' is set on object 'Object Repository/Page_demo2 Auto  GRiD/input_Display Name_name'

2020-07-01 12:44:21 - [TEST_STEP][PASSED] - selectOptionByValue(findTestObject("Object Repository/Page_demo2 Auto  GRiD/select_BPF  CSV  LAS 12  LAS 14  PDF"), "4", true): All options with value '4' are selected in object 'Object Repository/Page_demo2 Auto  GRiD/select_BPF  CSV  LAS 12  LAS 14  PDF'  using regular expression

2020-07-01 12:44:22 - [MESSAGE][PASSED] - All options with value '4' are selected in object 'Object Repository/Page_demo2 Auto  GRiD/select_BPF  CSV  LAS 12  LAS 14  PDF'  using regular expression

2020-07-01 12:44:22 - [TEST_STEP][PASSED] - click(findTestObject("Object Repository/Page_demo2 Auto  GRiD/div_Cancel    Generate")): Object: 'Object Repository/Page_demo2 Auto  GRiD/div_Cancel    Generate' is clicked on

2020-07-01 12:44:35 - [MESSAGE][PASSED] - Object: 'Object Repository/Page_demo2 Auto  GRiD/div_Cancel    Generate' is clicked on

2020-07-01 12:44:35 - [TEST_STEP][PASSED] - waitForPageLoad(0): Wait for page load successfully

2020-07-01 12:44:36 - [MESSAGE][WARNING] - Timeout '0' is invalid. Using default page load timeout: '30'

2020-07-01 12:44:36 - [MESSAGE][PASSED] - Wait for page load successfully

2020-07-01 12:44:36 - [TEST_STEP][PASSED] - click(findTestObject("Object Repository/Page_demo2 Auto  GRiD/a_buckeye PointCloud Demo 1")): Object: 'Object Repository/Page_demo2 Auto  GRiD/a_buckeye PointCloud Demo 1' is clicked on

2020-07-01 12:44:37 - [MESSAGE][PASSED] - Object: 'Object Repository/Page_demo2 Auto  GRiD/a_buckeye PointCloud Demo 1' is clicked on

2020-07-01 12:44:37 - [TEST_STEP][PASSED] - click(findTestObject("Object Repository/Page_buckeye PointCloud Demo 1  GRiD/button_Download")): Object: 'Object Repository/Page_buckeye PointCloud Demo 1  GRiD/button_Download' is clicked on

2020-07-01 12:44:39 - [MESSAGE][PASSED] - Object: 'Object Repository/Page_buckeye PointCloud Demo 1  GRiD/button_Download' is clicked on

2020-07-01 12:44:39 - [TEST_STEP][PASSED] - click(findTestObject("Object Repository/Page_buckeye PointCloud Demo 1  GRiD/a_demo2 Auto")): Object: 'Object Repository/Page_buckeye PointCloud Demo 1  GRiD/a_demo2 Auto' is clicked on

2020-07-01 12:44:46 - [MESSAGE][PASSED] - Object: 'Object Repository/Page_buckeye PointCloud Demo 1  GRiD/a_demo2 Auto' is clicked on

2020-07-01 12:44:46 - [TEST_STEP][PASSED] - click(findTestObject("Object Repository/Page_demo2 Auto  GRiD/button_AOI Options")): Object: 'Object Repository/Page_demo2 Auto  GRiD/button_AOI Options' is clicked on

2020-07-01 12:44:46 - [MESSAGE][PASSED] - Object: 'Object Repository/Page_demo2 Auto  GRiD/button_AOI Options' is clicked on

2020-07-01 12:44:46 - [TEST_STEP][PASSED] - click(findTestObject("Object Repository/Page_demo2 Auto  GRiD/a_Delete AOI")): Object: 'Object Repository/Page_demo2 Auto  GRiD/a_Delete AOI' is clicked on

2020-07-01 12:44:47 - [MESSAGE][PASSED] - Object: 'Object Repository/Page_demo2 Auto  GRiD/a_Delete AOI' is clicked on

2020-07-01 12:44:47 - [TEST_STEP][PASSED] - click(findTestObject("Object Repository/Page_demo2 Auto  GRiD/a_Delete")): Object: 'Object Repository/Page_demo2 Auto  GRiD/a_Delete' is clicked on

2020-07-01 12:44:50 - [MESSAGE][PASSED] - Object: 'Object Repository/Page_demo2 Auto  GRiD/a_Delete' is clicked on

2020-07-01 12:44:50 - [TEST_STEP][PASSED] - navigateToUrl("https://grid.nga.mil/grid/export/aoi/list/"): Navigate to 'https://grid.nga.mil/grid/export/aoi/list/' successfully

2020-07-01 12:44:52 - [MESSAGE][PASSED] - Navigate to 'https://grid.nga.mil/grid/export/aoi/list/' successfully

2020-07-01 12:44:52 - [TEST_STEP][PASSED] - click(findTestObject("Object Repository/Page_demo2 Auto  GRiD/a_Map")): Object: 'Object Repository/Page_demo2 Auto  GRiD/a_Map' is clicked on

2020-07-01 12:44:53 - [MESSAGE][PASSED] - Object: 'Object Repository/Page_demo2 Auto  GRiD/a_Map' is clicked on

2020-07-01 12:44:53 - [TEST_STEP][PASSED] - navigateToUrl("https://grid.nga.mil/grid/map/"): Navigate to 'https://grid.nga.mil/grid/map/' successfully

2020-07-01 12:44:54 - [MESSAGE][PASSED] - Navigate to 'https://grid.nga.mil/grid/map/' successfully

2020-07-01 12:44:54 - [TEST_STEP][FAILED] - click(findTestObject("Object Repository/Page_Map  GRiD/path")): Unable to click on object 'Object Repository/Page_Map  GRiD/path' (Root cause: com.kms.katalon.core.exception.StepFailedException: Unable to click on object 'Object Repository/Page_Map  GRiD/path'
	at com.kms.katalon.core.webui.keyword.internal.WebUIKeywordMain.stepFailed(WebUIKeywordMain.groovy:64)
	at com.kms.katalon.core.webui.keyword.internal.WebUIKeywordMain.runKeyword(WebUIKeywordMain.groovy:26)
	at com.kms.katalon.core.webui.keyword.builtin.ClickKeyword.click(ClickKeyword.groovy:76)
	at com.kms.katalon.core.webui.keyword.builtin.ClickKeyword.execute(ClickKeyword.groovy:43)
	at com.kms.katalon.core.keyword.internal.KeywordExecutor.executeKeywordForPlatform(KeywordExecutor.groovy:72)
	at com.kms.katalon.core.webui.keyword.WebUiBuiltInKeywords.click(WebUiBuiltInKeywords.groovy:616)
	at com.kms.katalon.core.webui.keyword.WebUiBuiltInKeywords$click$1.call(Unknown Source)
	at Export Buckeye PointCloud.run(Export Buckeye PointCloud:76)
	at com.kms.katalon.core.main.ScriptEngine.run(ScriptEngine.java:194)
	at com.kms.katalon.core.main.ScriptEngine.runScriptAsRawText(ScriptEngine.java:119)
	at com.kms.katalon.core.main.TestCaseExecutor.runScript(TestCaseExecutor.java:337)
	at com.kms.katalon.core.main.TestCaseExecutor.doExecute(TestCaseExecutor.java:328)
	at com.kms.katalon.core.main.TestCaseExecutor.processExecutionPhase(TestCaseExecutor.java:307)
	at com.kms.katalon.core.main.TestCaseExecutor.accessMainPhase(TestCaseExecutor.java:299)
	at com.kms.katalon.core.main.TestCaseExecutor.execute(TestCaseExecutor.java:233)
	at com.kms.katalon.core.main.TestSuiteExecutor.accessTestCaseMainPhase(TestSuiteExecutor.java:169)
	at com.kms.katalon.core.main.TestSuiteExecutor.accessTestSuiteMainPhase(TestSuiteExecutor.java:142)
	at com.kms.katalon.core.main.TestSuiteExecutor.execute(TestSuiteExecutor.java:91)
	at com.kms.katalon.core.main.TestCaseMain.startTestSuite(TestCaseMain.java:157)
	at com.kms.katalon.core.main.TestCaseMain$startTestSuite$0.call(Unknown Source)
	at TempTestSuite1593621789243.run(TempTestSuite1593621789243.groovy:37)
Caused by: com.kms.katalon.core.webui.exception.WebElementNotFoundException: Web element with id: 'Object Repository/Page_Map  GRiD/path' located by 'By.xpath: ' not found
	at com.kms.katalon.core.webui.common.WebUiCommonHelper.findWebElement(WebUiCommonHelper.java:1154)
	at com.kms.katalon.core.webui.keyword.internal.WebUIAbstractKeyword.findWebElement(WebUIAbstractKeyword.groovy:27)
	at com.kms.katalon.core.webui.keyword.internal.WebUIAbstractKeyword.findWebElement(WebUIAbstractKeyword.groovy:26)
	at com.kms.katalon.core.webui.keyword.builtin.ClickKeyword$_click_closure1.doCall(ClickKeyword.groovy:67)
	at com.kms.katalon.core.webui.keyword.builtin.ClickKeyword$_click_closure1.call(ClickKeyword.groovy)
	at com.kms.katalon.core.webui.keyword.internal.WebUIKeywordMain.runKeyword(WebUIKeywordMain.groovy:20)
	at com.kms.katalon.core.webui.keyword.builtin.ClickKeyword.click(ClickKeyword.groovy:76)
	at com.kms.katalon.core.webui.keyword.builtin.ClickKeyword.execute(ClickKeyword.groovy:43)
	at com.kms.katalon.core.keyword.internal.KeywordExecutor.executeKeywordForPlatform(KeywordExecutor.groovy:72)
	at com.kms.katalon.core.webui.keyword.WebUiBuiltInKeywords.click(WebUiBuiltInKeywords.groovy:616)
	at com.kms.katalon.core.webui.keyword.WebUiBuiltInKeywords$click$1.call(Unknown Source)
	at Script1593619051761.run(Script1593619051761.groovy:76)
	... 13 more
)

2020-07-01 12:45:38 - [MESSAGE][INFO] - Unable to find the element located by 'By.xpath: '. Please recheck the objects properties to make sure the desired element is located. 

2020-07-01 12:45:40 - [MESSAGE][FAILED] - Unable to click on object 'Object Repository/Page_Map  GRiD/path' (Root cause: com.kms.katalon.core.exception.StepFailedException: Unable to click on object 'Object Repository/Page_Map  GRiD/path'
	at com.kms.katalon.core.webui.keyword.internal.WebUIKeywordMain.stepFailed(WebUIKeywordMain.groovy:64)
	at com.kms.katalon.core.webui.keyword.internal.WebUIKeywordMain.runKeyword(WebUIKeywordMain.groovy:26)
	at com.kms.katalon.core.webui.keyword.builtin.ClickKeyword.click(ClickKeyword.groovy:76)
	at com.kms.katalon.core.webui.keyword.builtin.ClickKeyword.execute(ClickKeyword.groovy:43)
	at com.kms.katalon.core.keyword.internal.KeywordExecutor.executeKeywordForPlatform(KeywordExecutor.groovy:72)
	at com.kms.katalon.core.webui.keyword.WebUiBuiltInKeywords.click(WebUiBuiltInKeywords.groovy:616)
	at com.kms.katalon.core.webui.keyword.WebUiBuiltInKeywords$click$1.call(Unknown Source)
	at Export Buckeye PointCloud.run(Export Buckeye PointCloud:76)
	at com.kms.katalon.core.main.ScriptEngine.run(ScriptEngine.java:194)
	at com.kms.katalon.core.main.ScriptEngine.runScriptAsRawText(ScriptEngine.java:119)
	at com.kms.katalon.core.main.TestCaseExecutor.runScript(TestCaseExecutor.java:337)
	at com.kms.katalon.core.main.TestCaseExecutor.doExecute(TestCaseExecutor.java:328)
	at com.kms.katalon.core.main.TestCaseExecutor.processExecutionPhase(TestCaseExecutor.java:307)
	at com.kms.katalon.core.main.TestCaseExecutor.accessMainPhase(TestCaseExecutor.java:299)
	at com.kms.katalon.core.main.TestCaseExecutor.execute(TestCaseExecutor.java:233)
	at com.kms.katalon.core.main.TestSuiteExecutor.accessTestCaseMainPhase(TestSuiteExecutor.java:169)
	at com.kms.katalon.core.main.TestSuiteExecutor.accessTestSuiteMainPhase(TestSuiteExecutor.java:142)
	at com.kms.katalon.core.main.TestSuiteExecutor.execute(TestSuiteExecutor.java:91)
	at com.kms.katalon.core.main.TestCaseMain.startTestSuite(TestCaseMain.java:157)
	at com.kms.katalon.core.main.TestCaseMain$startTestSuite$0.call(Unknown Source)
	at TempTestSuite1593621789243.run(TempTestSuite1593621789243.groovy:37)
Caused by: com.kms.katalon.core.webui.exception.WebElementNotFoundException: Web element with id: 'Object Repository/Page_Map  GRiD/path' located by 'By.xpath: ' not found
	at com.kms.katalon.core.webui.common.WebUiCommonHelper.findWebElement(WebUiCommonHelper.java:1154)
	at com.kms.katalon.core.webui.keyword.internal.WebUIAbstractKeyword.findWebElement(WebUIAbstractKeyword.groovy:27)
	at com.kms.katalon.core.webui.keyword.internal.WebUIAbstractKeyword.findWebElement(WebUIAbstractKeyword.groovy:26)
	at com.kms.katalon.core.webui.keyword.builtin.ClickKeyword$_click_closure1.doCall(ClickKeyword.groovy:67)
	at com.kms.katalon.core.webui.keyword.builtin.ClickKeyword$_click_closure1.call(ClickKeyword.groovy)
	at com.kms.katalon.core.webui.keyword.internal.WebUIKeywordMain.runKeyword(WebUIKeywordMain.groovy:20)
	at com.kms.katalon.core.webui.keyword.builtin.ClickKeyword.click(ClickKeyword.groovy:76)
	at com.kms.katalon.core.webui.keyword.builtin.ClickKeyword.execute(ClickKeyword.groovy:43)
	at com.kms.katalon.core.keyword.internal.KeywordExecutor.executeKeywordForPlatform(KeywordExecutor.groovy:72)
	at com.kms.katalon.core.webui.keyword.WebUiBuiltInKeywords.click(WebUiBuiltInKeywords.groovy:616)
	at com.kms.katalon.core.webui.keyword.WebUiBuiltInKeywords$click$1.call(Unknown Source)
	at Script1593619051761.run(Script1593619051761.groovy:76)
	... 13 more
)
[[ATTACHMENT|/Users/bhavikpatel/Katalon Studio/GRiD UI Automation/Reports/20200701_124309/GRiD Login/20200701_124309/1593621938800.png]]]]></system-out>
         <system-err><![CDATA[2020-07-01 12:43:40 - [TEST_CASE][FAILED] - Test Cases/Export Buckeye PointCloud: Test Cases/Export Buckeye PointCloud FAILED.
Reason:
com.kms.katalon.core.exception.StepFailedException: Unable to click on object 'Object Repository/Page_Map  GRiD/path'
	at com.kms.katalon.core.webui.keyword.internal.WebUIKeywordMain.stepFailed(WebUIKeywordMain.groovy:64)
	at com.kms.katalon.core.webui.keyword.internal.WebUIKeywordMain.runKeyword(WebUIKeywordMain.groovy:26)
	at com.kms.katalon.core.webui.keyword.builtin.ClickKeyword.click(ClickKeyword.groovy:76)
	at com.kms.katalon.core.webui.keyword.builtin.ClickKeyword.execute(ClickKeyword.groovy:43)
	at com.kms.katalon.core.keyword.internal.KeywordExecutor.executeKeywordForPlatform(KeywordExecutor.groovy:72)
	at com.kms.katalon.core.webui.keyword.WebUiBuiltInKeywords.click(WebUiBuiltInKeywords.groovy:616)
	at com.kms.katalon.core.webui.keyword.WebUiBuiltInKeywords$click$1.call(Unknown Source)
	at Export Buckeye PointCloud.run(Export Buckeye PointCloud:76)
	at com.kms.katalon.core.main.ScriptEngine.run(ScriptEngine.java:194)
	at com.kms.katalon.core.main.ScriptEngine.runScriptAsRawText(ScriptEngine.java:119)
	at com.kms.katalon.core.main.TestCaseExecutor.runScript(TestCaseExecutor.java:337)
	at com.kms.katalon.core.main.TestCaseExecutor.doExecute(TestCaseExecutor.java:328)
	at com.kms.katalon.core.main.TestCaseExecutor.processExecutionPhase(TestCaseExecutor.java:307)
	at com.kms.katalon.core.main.TestCaseExecutor.accessMainPhase(TestCaseExecutor.java:299)
	at com.kms.katalon.core.main.TestCaseExecutor.execute(TestCaseExecutor.java:233)
	at com.kms.katalon.core.main.TestSuiteExecutor.accessTestCaseMainPhase(TestSuiteExecutor.java:169)
	at com.kms.katalon.core.main.TestSuiteExecutor.accessTestSuiteMainPhase(TestSuiteExecutor.java:142)
	at com.kms.katalon.core.main.TestSuiteExecutor.execute(TestSuiteExecutor.java:91)
	at com.kms.katalon.core.main.TestCaseMain.startTestSuite(TestCaseMain.java:157)
	at com.kms.katalon.core.main.TestCaseMain$startTestSuite$0.call(Unknown Source)
	at TempTestSuite1593621789243.run(TempTestSuite1593621789243.groovy:37)
Caused by: com.kms.katalon.core.webui.exception.WebElementNotFoundException: Web element with id: 'Object Repository/Page_Map  GRiD/path' located by 'By.xpath: ' not found
	at com.kms.katalon.core.webui.common.WebUiCommonHelper.findWebElement(WebUiCommonHelper.java:1154)
	at com.kms.katalon.core.webui.keyword.internal.WebUIAbstractKeyword.findWebElement(WebUIAbstractKeyword.groovy:27)
	at com.kms.katalon.core.webui.keyword.internal.WebUIAbstractKeyword.findWebElement(WebUIAbstractKeyword.groovy:26)
	at com.kms.katalon.core.webui.keyword.builtin.ClickKeyword$_click_closure1.doCall(ClickKeyword.groovy:67)
	at com.kms.katalon.core.webui.keyword.builtin.ClickKeyword$_click_closure1.call(ClickKeyword.groovy)
	at com.kms.katalon.core.webui.keyword.internal.WebUIKeywordMain.runKeyword(WebUIKeywordMain.groovy:20)
	... 19 more]]></system-err>
      </testcase>
      <system-out><![CDATA[2020-07-01 12:43:12 - [TEST_SUITE][FAILED] - GRiD Login: Test Cases/Export Buckeye PointCloud FAILED.
Reason:
com.kms.katalon.core.exception.StepFailedException: Unable to click on object 'Object Repository/Page_Map  GRiD/path'
	at com.kms.katalon.core.webui.keyword.internal.WebUIKeywordMain.stepFailed(WebUIKeywordMain.groovy:64)
	at com.kms.katalon.core.webui.keyword.internal.WebUIKeywordMain.runKeyword(WebUIKeywordMain.groovy:26)
	at com.kms.katalon.core.webui.keyword.builtin.ClickKeyword.click(ClickKeyword.groovy:76)
	at com.kms.katalon.core.webui.keyword.builtin.ClickKeyword.execute(ClickKeyword.groovy:43)
	at com.kms.katalon.core.keyword.internal.KeywordExecutor.executeKeywordForPlatform(KeywordExecutor.groovy:72)
	at com.kms.katalon.core.webui.keyword.WebUiBuiltInKeywords.click(WebUiBuiltInKeywords.groovy:616)
	at com.kms.katalon.core.webui.keyword.WebUiBuiltInKeywords$click$1.call(Unknown Source)
	at Export Buckeye PointCloud.run(Export Buckeye PointCloud:76)
	at com.kms.katalon.core.main.ScriptEngine.run(ScriptEngine.java:194)
	at com.kms.katalon.core.main.ScriptEngine.runScriptAsRawText(ScriptEngine.java:119)
	at com.kms.katalon.core.main.TestCaseExecutor.runScript(TestCaseExecutor.java:337)
	at com.kms.katalon.core.main.TestCaseExecutor.doExecute(TestCaseExecutor.java:328)
	at com.kms.katalon.core.main.TestCaseExecutor.processExecutionPhase(TestCaseExecutor.java:307)
	at com.kms.katalon.core.main.TestCaseExecutor.accessMainPhase(TestCaseExecutor.java:299)
	at com.kms.katalon.core.main.TestCaseExecutor.execute(TestCaseExecutor.java:233)
	at com.kms.katalon.core.main.TestSuiteExecutor.accessTestCaseMainPhase(TestSuiteExecutor.java:169)
	at com.kms.katalon.core.main.TestSuiteExecutor.accessTestSuiteMainPhase(TestSuiteExecutor.java:142)
	at com.kms.katalon.core.main.TestSuiteExecutor.execute(TestSuiteExecutor.java:91)
	at com.kms.katalon.core.main.TestCaseMain.startTestSuite(TestCaseMain.java:157)
	at com.kms.katalon.core.main.TestCaseMain$startTestSuite$0.call(Unknown Source)
	at TempTestSuite1593621789243.run(TempTestSuite1593621789243.groovy:37)
Caused by: com.kms.katalon.core.webui.exception.WebElementNotFoundException: Web element with id: 'Object Repository/Page_Map  GRiD/path' located by 'By.xpath: ' not found
	at com.kms.katalon.core.webui.common.WebUiCommonHelper.findWebElement(WebUiCommonHelper.java:1154)
	at com.kms.katalon.core.webui.keyword.internal.WebUIAbstractKeyword.findWebElement(WebUIAbstractKeyword.groovy:27)
	at com.kms.katalon.core.webui.keyword.internal.WebUIAbstractKeyword.findWebElement(WebUIAbstractKeyword.groovy:26)
	at com.kms.katalon.core.webui.keyword.builtin.ClickKeyword$_click_closure1.doCall(ClickKeyword.groovy:67)
	at com.kms.katalon.core.webui.keyword.builtin.ClickKeyword$_click_closure1.call(ClickKeyword.groovy)
	at com.kms.katalon.core.webui.keyword.internal.WebUIKeywordMain.runKeyword(WebUIKeywordMain.groovy:20)
	... 19 more]]></system-out>
      <system-err><![CDATA[2020-07-01 12:43:12 - [TEST_SUITE][FAILED] - GRiD Login: Test Cases/Export Buckeye PointCloud FAILED.
Reason:
com.kms.katalon.core.exception.StepFailedException: Unable to click on object 'Object Repository/Page_Map  GRiD/path'
	at com.kms.katalon.core.webui.keyword.internal.WebUIKeywordMain.stepFailed(WebUIKeywordMain.groovy:64)
	at com.kms.katalon.core.webui.keyword.internal.WebUIKeywordMain.runKeyword(WebUIKeywordMain.groovy:26)
	at com.kms.katalon.core.webui.keyword.builtin.ClickKeyword.click(ClickKeyword.groovy:76)
	at com.kms.katalon.core.webui.keyword.builtin.ClickKeyword.execute(ClickKeyword.groovy:43)
	at com.kms.katalon.core.keyword.internal.KeywordExecutor.executeKeywordForPlatform(KeywordExecutor.groovy:72)
	at com.kms.katalon.core.webui.keyword.WebUiBuiltInKeywords.click(WebUiBuiltInKeywords.groovy:616)
	at com.kms.katalon.core.webui.keyword.WebUiBuiltInKeywords$click$1.call(Unknown Source)
	at Export Buckeye PointCloud.run(Export Buckeye PointCloud:76)
	at com.kms.katalon.core.main.ScriptEngine.run(ScriptEngine.java:194)
	at com.kms.katalon.core.main.ScriptEngine.runScriptAsRawText(ScriptEngine.java:119)
	at com.kms.katalon.core.main.TestCaseExecutor.runScript(TestCaseExecutor.java:337)
	at com.kms.katalon.core.main.TestCaseExecutor.doExecute(TestCaseExecutor.java:328)
	at com.kms.katalon.core.main.TestCaseExecutor.processExecutionPhase(TestCaseExecutor.java:307)
	at com.kms.katalon.core.main.TestCaseExecutor.accessMainPhase(TestCaseExecutor.java:299)
	at com.kms.katalon.core.main.TestCaseExecutor.execute(TestCaseExecutor.java:233)
	at com.kms.katalon.core.main.TestSuiteExecutor.accessTestCaseMainPhase(TestSuiteExecutor.java:169)
	at com.kms.katalon.core.main.TestSuiteExecutor.accessTestSuiteMainPhase(TestSuiteExecutor.java:142)
	at com.kms.katalon.core.main.TestSuiteExecutor.execute(TestSuiteExecutor.java:91)
	at com.kms.katalon.core.main.TestCaseMain.startTestSuite(TestCaseMain.java:157)
	at com.kms.katalon.core.main.TestCaseMain$startTestSuite$0.call(Unknown Source)
	at TempTestSuite1593621789243.run(TempTestSuite1593621789243.groovy:37)
Caused by: com.kms.katalon.core.webui.exception.WebElementNotFoundException: Web element with id: 'Object Repository/Page_Map  GRiD/path' located by 'By.xpath: ' not found
	at com.kms.katalon.core.webui.common.WebUiCommonHelper.findWebElement(WebUiCommonHelper.java:1154)
	at com.kms.katalon.core.webui.keyword.internal.WebUIAbstractKeyword.findWebElement(WebUIAbstractKeyword.groovy:27)
	at com.kms.katalon.core.webui.keyword.internal.WebUIAbstractKeyword.findWebElement(WebUIAbstractKeyword.groovy:26)
	at com.kms.katalon.core.webui.keyword.builtin.ClickKeyword$_click_closure1.doCall(ClickKeyword.groovy:67)
	at com.kms.katalon.core.webui.keyword.builtin.ClickKeyword$_click_closure1.call(ClickKeyword.groovy)
	at com.kms.katalon.core.webui.keyword.internal.WebUIKeywordMain.runKeyword(WebUIKeywordMain.groovy:20)
	... 19 more]]></system-err>
   </testsuite>
</testsuites>
